C1540708	(Myalgia: [unspecified] or [intercostal myalgia]) or (muscle pain)
C1540708	(Myalgia: [unspecified] or [intercostal myalgia]) or (muscle pain) (disorder)
C3840090	Abdominal muscle pain
C3840090	Abdominal muscle pain (finding)
C0231528	Aching muscles
C3806621	Calf and thigh cramping muscle pains
C3839780	Centrally mediated myalgia
C3839780	Centrally mediated myalgia (finding)
C0277823	Charley-horse
C0277823	Charleyhorse
C0277823	Charleyhorse (finding)
C0575065	Diffuse muscle tenderness
C0575065	Diffuse muscle tenderness (finding)
C0575065	diffuse muscle tenderness (physical finding)
C0016053	Diffuse myofascial pain synd
C0016053	Diffuse myofascial pain syndrome
C0231528	generalized muscle aches
C0231528	generalized muscle aches (symptom)
C0231528	generalized myalgia
C3843952	Have muscle pains
C0239064	jaw muscle pain only while chewing
C0239064	jaw muscle pain only while chewing (jaw claudication)
C0239064	jaw muscle pain only while chewing (symptom)
C3697315	Localized masticatory muscle soreness
C3697315	Localized masticatory muscle soreness (finding)
C0231528	MUSCLE ACHE
C0231528	muscle aches
C0231528	muscle aches (symptom)
C2219826	muscle aches in neck or shoulder
C2219826	muscle aches in neck or shoulder (symptom)
C2219826	muscle aches in the neck or shoulder
C0231528	muscle aches, generalized (myalgias)
C0231528	MUSCLE DISCOMFORT
C0231528	MUSCLE PAIN
C0231528	Muscle pain (finding)
C4228676	Muscle pain (in some patients)
C2750559	Muscle pain (less common)
C1963177	Muscle Pain Adverse Event
C4014083	Muscle pain after exercise
C3805997	Muscle pain and cramping on exertion
C3805997	Muscle pain and cramping on exertion
C1968737	Muscle pain and cramps following exercise
C2220085	muscle pain in both shoulders
C2220085	muscle pain in both shoulders (symptom)
C2220084	muscle pain in left shoulder
C2220084	muscle pain in left shoulder (symptom)
C2220083	muscle pain in right shoulder
C2220083	muscle pain in right shoulder (symptom)
C2220082	muscle pain in shoulder
C2220082	muscle pain in shoulder (symptom)
C1850830	Muscle pain with exercise
C1860063	Muscle pain with exercise (in older patients)
C1850830	Muscle pain, exercise-induced
C0231528	Muscle soreness
C0575064	Muscle soreness
C0575066	Muscle tender point
C0575066	Muscle tender point (finding)
C0575064	Muscle tenderness
C0458242	Muscle tension pain
C0458242	Muscle tension pain (finding)
C0231528	Myalgia (diagnosis)
C0839431	myalgia ankle and foot
C0839427	myalgia forearm
C0839428	myalgia hand
C0839430	myalgia lower leg
C0231528	Myalgia NOS
C0839431	myalgia of ankle and foot
C0839431	myalgia of ankle and foot (diagnosis)
C0839427	myalgia of forearm
C0839427	myalgia of forearm (diagnosis)
C0839428	myalgia of hand
C0839428	myalgia of hand (diagnosis)
C0839430	myalgia of lower leg
C0839430	myalgia of lower leg (diagnosis)
C0839424	myalgia of multiple sites
C0839424	myalgia of multiple sites (diagnosis)
C0839432	myalgia of other site
C0839432	myalgia of other site (diagnosis)
C0839429	myalgia of pelvic region and thigh
C0839429	myalgia of pelvic region and thigh (diagnosis)
C0839425	myalgia of shoulder region
C0839425	myalgia of shoulder region (diagnosis)
C0839426	myalgia of upper arm
C0839426	myalgia of upper arm (diagnosis)
C0839432	myalgia other site
C0839429	myalgia pelvic region and thigh
C0231528	Myalgia unspecified
C0231528	Myalgia unspecified (finding)
C0231528	Myalgias
C2232738	myalgias started suddenly
C0231528	Myalgic
C0021775	Myasthenia angiosclerotica
C0231528	Myodynia
C0016053	Myofac pain dysfunct syndrome
C0016053	Myofacial pain dysfunction syndrome
C0016053	Myofascial pain dysfunct syn
C0016053	Myofascial pain dysfunction syndrome
C0016053	Myofascial pain syndrome
C0016053	Myofascial pain syndrome (disorder)
C0016053	Myofascial trigger point syndrome
C0231528	Myoneuralgia
C0231528	Myosalgia
C0575069	Pain on move skeletal muscle
C0575069	Pain on movement of skeletal muscle
C0575069	Pain on movement of skeletal muscle (finding)
C0521516	Polymyalgia
C0521516	Polymyalgia (disorder)
C3862538	progressively more severe muscle pain
C3862538	progressively more severe muscle pain (symptom)
C3862404	severe muscle pain
C3862404	severe muscle pain (symptom)
C3862403	severe muscle pain spreading to more muscles
C3862403	severe muscle pain spreading to more muscles (symptom)
C0575064	Skeletal muscle tender
C0575064	Skeletal muscle tender (finding)
C2232738	sudden onset of generalized muscle aches
C2232738	sudden onset of generalized muscle aches (symptom)
C0231529	Tenalgia
C0231529	Tenalgia (finding)
C0575064	Tender muscles
C0575067	Tenderness at enthesis
C0575067	Tenderness at muscle insertion
C0575067	Tenderness at muscle insertion (finding)
C0575046	Tenderness of tendon
C0575046	Tenderness of tendon (finding)
C0575046	tenderness tendon(s)
C0575046	tenderness tendon(s) (physical finding)
C0231529	Tendon pain
C0575046	tendon tenderness was seen
C0231529	Tenodynia
C2128635	thigh muscle pain with an inability to bend forward
C2128635	thigh muscle pain with an inability to bend forward
C0410249	Viral myalgia
C0410249	Viral myalgia (disorder)

