C0040997	Fothergill's neuralgia
C0040997	Fothergill's neuralgia
C0455513	H/O: trigeminal neuralgia
C0455513	H/O: trigeminal neuralgia (situation)
C0455513	History of - trigeminal neuralgia
C0455513	History of - trigeminal neuralgia (context-dependent category)
C0455513	History of - trigeminal neuralgia (situation)
C0455513	History of trigeminal neuralgia
C0455513	History of trigeminal neuralgia (situation)
C3863028	left trigeminal neuralgia
C3863028	left trigeminal neuralgia
C3863028	left trigeminal neuralgia (diagnosis)
C3863028	left trigeminal neuralgia (diagnosis)
C3863028	Left trigeminal neuralgia (disorder)
C3863028	Left trigeminal neuralgia (disorder)
C0423705	Other specified trigeminal neuralgia
C0423705	Other specified trigeminal neuralgia (disorder)
C0859671	Other trigeminal neuralgia
C0031121	Peripheral neuralgia
C0031121	Peripheral neuralgia (disorder)
C3862458	right trigeminal neuralgia (diagnosis)
C3862458	Right trigeminal neuralgia (disorder)
C0393787	Secondary trigeminal neuralgia
C0393787	Secondary trigeminal neuralgia
C0393787	Secondary trigeminal neuralgia (disorder)
C0040997	Tic douloureux
C0040997	TN - Trigeminal neuralgia
C0040997	Trifacial neuralgia
C0040997	TRIGEMINAL NEURALGIA
C0040997	Trigeminal neuralgia (diagnosis)
C0040997	Trigeminal neuralgia (disorder)
C0040997	Trigeminal neuralgia [no drugs here]
C0040997	Trigeminal neuralgia [no drugs here] (disorder)
C3863028	trigeminal neuralgia left
C0040997	Trigeminal neuralgia NOS
C0040997	Trigeminal neuralgia NOS (disorder)
C0423705	Trigeminal neuralgia OS
C3862458	trigeminal neuralgia right
C0040997	Trigeminal neuralgia, NOS
