for the last:time=since
since:time=since
for:time=since
in the last:time=since
during:time=during
per:time=during
in:time=during
his last:time=last
her last:time=last
he last:time=last
she last:time=last
since her last:time=last
since his last:time=last
last being seen:time=last
last:time=last
baseline:time=baseline
is unchanged:time=unchanged
ago:time=past
remains under:time=unchanged
the same:time=unchanged
remains unchanged:time=unchanged
remains above:time=unchanged
remains over:time=unchnaged
not changed:time=unchanged
stable:time=unchanged
