[D]Ataxia	CUI=C0004134	PREF=[D]Ataxia
[D]Ataxia (context-dependent category)	CUI=C0004134	PREF=[D]Ataxia (context-dependent category)
[D]Ataxia (situation)	CUI=C0004134	PREF=[D]Ataxia (situation)
[D]Ataxia NOS	CUI=C0004134	PREF=[D]Ataxia NOS
[D]Ataxia NOS (context-dependent category)	CUI=C0004134	PREF=[D]Ataxia NOS (context-dependent category)
[D]Ataxia NOS (situation)	CUI=C0004134	PREF=[D]Ataxia NOS (situation)
Acute cerebellar ataxia	CUI=C0238014	PREF=Acute cerebellar ataxia
Appendicular ataxia	CUI=C0750937	PREF=Appendicular ataxia
Ataxia	CUI=C0004134	PREF=Ataxia
ataxia (diagnosis)	CUI=C0004134	PREF=ataxia (diagnosis)
Ataxia (finding)	CUI=C0004134	PREF=Ataxia (finding)
Ataxia (less common)	CUI=C3150225	PREF=Ataxia (less common)
Ataxia (loss of muscle coordination)	CUI=C0004134	PREF=Ataxia (loss of muscle coordination)
Ataxia (rare)	CUI=C4227593	PREF=Ataxia (rare)
Ataxia (uncommon)	CUI=C3278458	PREF=Ataxia (uncommon)
Ataxia [D]	CUI=C0004134	PREF=Ataxia [D]
Ataxia [D] (finding)	CUI=C0004134	PREF=Ataxia [D] (finding)
Ataxia [D] (situation)	CUI=C0004134	PREF=Ataxia [D] (situation)
ATAXIA CEREBELLAR	CUI=C0007758	PREF=ATAXIA CEREBELLAR
ataxia early-onset	CUI=C0393519	PREF=ataxia early-onset
Ataxia is slowly progressive	CUI=C4011508	PREF=Ataxia is slowly progressive
Ataxia NOS	CUI=C0004134	PREF=Ataxia NOS
ATAXIA VESTIBULAR	CUI=C0235927	PREF=ATAXIA VESTIBULAR
Ataxia with jerky arm movements	CUI=C1862907	PREF=Ataxia with jerky arm movements
Ataxia with pigmentary retinopathy	CUI=C0752125	PREF=Ataxia with pigmentary retinopathy
Ataxia worsens in the dark	CUI=C1843853	PREF=Ataxia worsens in the dark
Ataxia, axial	CUI=C4540390	PREF=Ataxia, axial
Ataxia, cerebellar (in some patients)	CUI=C3810444	PREF=Ataxia, cerebellar (in some patients)
Ataxia, cerebellar (upper and lower limbs affected)	CUI=C3279309	PREF=Ataxia, cerebellar (upper and lower limbs affected)
Ataxia, cerebellar, limb and gait	CUI=C2676256	PREF=Ataxia, cerebellar, limb and gait
Ataxia, episodic	CUI=C1720189	PREF=Ataxia, episodic
Ataxia, episodic (episodes last from hours to days)	CUI=C2749885	PREF=Ataxia, episodic (episodes last from hours to days)
Ataxia, gait	CUI=C0751837	PREF=Ataxia, gait
Ataxia, mild	CUI=C3278191	PREF=Ataxia, mild
Ataxia, mild (in some patients)	CUI=C4227954	PREF=Ataxia, mild (in some patients)
Ataxia, NOS	CUI=C0004134	PREF=Ataxia, NOS
Ataxia, progressive	CUI=C0393525	PREF=Ataxia, progressive
Ataxia, sensory	CUI=C0240991	PREF=Ataxia, sensory
Ataxia, truncal	CUI=C0427190	PREF=Ataxia, truncal
Ataxia, unspecified	CUI=C0004134	PREF=Ataxia, unspecified
Brief Ataxia Rating Scale	CUI=C3274014	PREF=Brief Ataxia Rating Scale
Cerebellar ataxia	CUI=C0007758	PREF=Cerebellar ataxia
cerebellar ataxia (diagnosis)	CUI=C0007758	PREF=cerebellar ataxia (diagnosis)
Cerebellar ataxia (in some patients)	CUI=C3810444	PREF=Cerebellar ataxia (in some patients)
Cerebellar ataxia (loss of muscle coordination)	CUI=C0007758	PREF=Cerebellar ataxia (loss of muscle coordination)
Cerebellar ataxia (rare)	CUI=C3550694	PREF=Cerebellar ataxia (rare)
Cerebellar ataxia associated with another disorder	CUI=C1665347	PREF=Cerebellar ataxia associated with another disorder
Cerebellar ataxia associated with another disorder (disorder)	CUI=C1665347	PREF=Cerebellar ataxia associated with another disorder (disorder)
Cerebellar ataxia during episodes	CUI=C1865330	PREF=Cerebellar ataxia during episodes
Cerebellar ataxia in disease NOS	CUI=C0393518	PREF=Cerebellar ataxia in disease NOS
Cerebellar ataxia in disease NOS (disorder)	CUI=C0393518	PREF=Cerebellar ataxia in disease NOS (disorder)
Cerebellar ataxia in diseases classified elsewhere	CUI=C0393517	PREF=Cerebellar ataxia in diseases classified elsewhere
cerebellar ataxia in diseases classified elsewhere (diagnosis)	CUI=C0393517	PREF=cerebellar ataxia in diseases classified elsewhere (diagnosis)
Cerebellar ataxia in diseases EC	CUI=C0393517	PREF=Cerebellar ataxia in diseases EC
Cerebellar ataxia in diseases EC (disorder)	CUI=C0393517	PREF=Cerebellar ataxia in diseases EC (disorder)
cerebellar ataxia late-onset	CUI=C0393524	PREF=cerebellar ataxia late-onset
cerebellar ataxia late-onset (diagnosis)	CUI=C0393524	PREF=cerebellar ataxia late-onset (diagnosis)
Cerebellar ataxia NOS	CUI=C0007758	PREF=Cerebellar ataxia NOS
Cerebellar ataxia NOS (disorder)	CUI=C0007758	PREF=Cerebellar ataxia NOS (disorder)
CEREBELLAR ATAXIA WITH LOSS OF PAIN AND TEMPERATURE SENSATION	CUI=C1859303	PREF=CEREBELLAR ATAXIA WITH LOSS OF PAIN AND TEMPERATURE SENSATION
Cerebellar ataxia, gait and stance	CUI=C3553818	PREF=Cerebellar ataxia, gait and stance
Cerebellar ataxia, limb and trunk	CUI=C3552904	PREF=Cerebellar ataxia, limb and trunk
Cerebellar ataxia, mild, late-onset	CUI=C3554152	PREF=Cerebellar ataxia, mild, late-onset
Cerebellar ataxia, NOS	CUI=C0007758	PREF=Cerebellar ataxia, NOS
Cerebellar ataxia, progressive	CUI=C0393525	PREF=Cerebellar ataxia, progressive
Cerebellar ataxia, severe	CUI=C1859599	PREF=Cerebellar ataxia, severe
Cerebellar gait ataxia	CUI=C0231691	PREF=Cerebellar gait ataxia
Cerebral ataxia	CUI=C0270721	PREF=Cerebral ataxia
cerebral ataxia (diagnosis)	CUI=C0270721	PREF=cerebral ataxia (diagnosis)
Cerebral ataxia (disorder)	CUI=C0270721	PREF=Cerebral ataxia (disorder)
Cerebral paralysis with homolateral ataxia	CUI=C0270798	PREF=Cerebral paralysis with homolateral ataxia
Cerebral paresis with homolateral ataxia	CUI=C0270797	PREF=Cerebral paresis with homolateral ataxia
Dentate cerebellar ataxia	CUI=C0007761	PREF=Dentate cerebellar ataxia
Dissociative ataxia	CUI=C0004090	PREF=Dissociative ataxia
Dysmetric ataxia	CUI=C0234649	PREF=Dysmetric ataxia
EPISODIC ATAXIA WITH MYOKYMIA	CUI=C1719788	PREF=EPISODIC ATAXIA WITH MYOKYMIA
Extremity ataxia	CUI=C4015302	PREF=Extremity ataxia
Frontal ataxia	CUI=C0427168	PREF=Frontal ataxia
Frontal ataxia (finding)	CUI=C0427168	PREF=Frontal ataxia (finding)
Gait and limb ataxia	CUI=C1856690	PREF=Gait and limb ataxia
Gait ataxia	CUI=C0751837	PREF=Gait ataxia
Gait ataxia (in some patients)	CUI=C3552647	PREF=Gait ataxia (in some patients)
Gait ataxia, progressive	CUI=C1843885	PREF=Gait ataxia, progressive
Gait disturbance (ataxia)	CUI=C1856566	PREF=Gait disturbance (ataxia)
headache preceded by ataxia	CUI=C2029746	PREF=headache preceded by ataxia
Intermittent ataxia	CUI=C0741270	PREF=Intermittent ataxia
Intermittent ataxia (disorder)	CUI=C0741270	PREF=Intermittent ataxia (disorder)
Intermittent cerebellar ataxia	CUI=C1720189	PREF=Intermittent cerebellar ataxia
Intermittent, transient episodes of worsening of ataxia	CUI=C1844938	PREF=Intermittent, transient episodes of worsening of ataxia
Limb ataxia, progressive	CUI=C1853762	PREF=Limb ataxia, progressive
Limb ataxia, upper and lower limbs	CUI=C4315213	PREF=Limb ataxia, upper and lower limbs
Locomotor Ataxia	CUI=C0751543	PREF=Locomotor Ataxia
Locomotor ataxia (progressive)	CUI=C1282408	PREF=Locomotor ataxia (progressive)
Mild upper limb ataxia	CUI=C3552145	PREF=Mild upper limb ataxia
Motor ataxia	CUI=C0278161	PREF=Motor ataxia
Motor ataxia (finding)	CUI=C0278161	PREF=Motor ataxia (finding)
O/E - arms ataxic	CUI=C0437356	PREF=O/E - arms ataxic
O/E - arms ataxic (finding)	CUI=C0437356	PREF=O/E - arms ataxic (finding)
O/E - ataxia	CUI=C0555757	PREF=O/E - ataxia
O/E - legs ataxic	CUI=C0437357	PREF=O/E - legs ataxic
O/E - legs ataxic (finding)	CUI=C0437357	PREF=O/E - legs ataxic (finding)
Oculomotor paralysis-cerebellar ataxia syndrome	CUI=C0270756	PREF=Oculomotor paralysis-cerebellar ataxia syndrome
On examination - arms ataxic	CUI=C0437356	PREF=On examination - arms ataxic
On examination - arms ataxic (context-dependent category)	CUI=C0437356	PREF=On examination - arms ataxic (context-dependent category)
On examination - arms ataxic (finding)	CUI=C0437356	PREF=On examination - arms ataxic (finding)
On examination - ataxia	CUI=C0555757	PREF=On examination - ataxia
On examination - ataxia (context-dependent category)	CUI=C0555757	PREF=On examination - ataxia (context-dependent category)
On examination - ataxia (finding)	CUI=C0555757	PREF=On examination - ataxia (finding)
On examination - legs ataxic	CUI=C0437357	PREF=On examination - legs ataxic
On examination - legs ataxic (context-dependent category)	CUI=C0437357	PREF=On examination - legs ataxic (context-dependent category)
On examination - legs ataxic (finding)	CUI=C0437357	PREF=On examination - legs ataxic (finding)
Onset of ataxia around age 40 years	CUI=C4314227	PREF=Onset of ataxia around age 40 years
Onset of ataxia in the fifties	CUI=C3280229	PREF=Onset of ataxia in the fifties
Ophthalmoplegia, ataxia, areflexia syndrome	CUI=C0393799	PREF=Ophthalmoplegia, ataxia, areflexia syndrome
Oral motor ataxia	CUI=C3698569	PREF=Oral motor ataxia
Oral motor ataxia (finding)	CUI=C3698569	PREF=Oral motor ataxia (finding)
Periodic ataxia	CUI=C0393526	PREF=Periodic ataxia
Periodic ataxia (disorder)	CUI=C0393526	PREF=Periodic ataxia (disorder)
POSTERIOR COLUMN ATAXIA	CUI=C1867923	PREF=POSTERIOR COLUMN ATAXIA
Posthemiplegic ataxia	CUI=C0270760	PREF=Posthemiplegic ataxia
Prog spinocerebellar ataxia with decreased tendon reflexes	CUI=C0393529	PREF=Prog spinocerebellar ataxia with decreased tendon reflexes
Prog spinocerebellar ataxia with retained tendon reflexes	CUI=C0393530	PREF=Prog spinocerebellar ataxia with retained tendon reflexes
Progressive ataxia	CUI=C0393525	PREF=Progressive ataxia
Progressive cerebellar ataxia	CUI=C0393525	PREF=Progressive cerebellar ataxia
Progressive cerebellar ataxia with hypogonadism	CUI=C0393532	PREF=Progressive cerebellar ataxia with hypogonadism
Progressive cerebellar ataxia with palatal myoclonus	CUI=C0393531	PREF=Progressive cerebellar ataxia with palatal myoclonus
Progressive gait ataxia	CUI=C1843885	PREF=Progressive gait ataxia
Progressive locomotor ataxia	CUI=C1282408	PREF=Progressive locomotor ataxia
Progressive locomotor ataxia (disorder)	CUI=C1282408	PREF=Progressive locomotor ataxia (disorder)
Progressive sensory ataxia of Charolais (disorder)	CUI=C0270722	PREF=Progressive sensory ataxia of Charolais (disorder)
Progressive spinal ataxia	CUI=C1827682	PREF=Progressive spinal ataxia
Progressive spinal ataxia (disorder)	CUI=C1827682	PREF=Progressive spinal ataxia (disorder)
Progressive spinocerebellar ataxia with decreased tendon reflexes	CUI=C0393529	PREF=Progressive spinocerebellar ataxia with decreased tendon reflexes
Progressive spinocerebellar ataxia with decreased tendon reflexes (disorder)	CUI=C0393529	PREF=Progressive spinocerebellar ataxia with decreased tendon reflexes (disorder)
Progressive spinocerebellar ataxia with retained tendon reflexes	CUI=C0393530	PREF=Progressive spinocerebellar ataxia with retained tendon reflexes
Progressive spinocerebellar ataxia with retained tendon reflexes (disorder)	CUI=C0393530	PREF=Progressive spinocerebellar ataxia with retained tendon reflexes (disorder)
reported ataxia	CUI=C0004134	PREF=reported ataxia
Residual ataxia	CUI=C0741272	PREF=Residual ataxia
Sensory ataxia	CUI=C0240991	PREF=Sensory ataxia
Sensory ataxia (finding)	CUI=C0240991	PREF=Sensory ataxia (finding)
Sensory ataxia (in some patients)	CUI=C4228579	PREF=Sensory ataxia (in some patients)
Sensory ataxia (less common)	CUI=C3554011	PREF=Sensory ataxia (less common)
Single limb ataxia	CUI=C0234367	PREF=Single limb ataxia
Single limb ataxia (finding)	CUI=C0234367	PREF=Single limb ataxia (finding)
Spinal ataxia	CUI=C0037921	PREF=Spinal ataxia
Spinal ataxia (disorder)	CUI=C0037921	PREF=Spinal ataxia (disorder)
Spinocerebellar ataxia (finding)	CUI=C0087012	PREF=Spinocerebellar ataxia (finding)
Spinocerebellar ataxia (in some patients)	CUI=C3806753	PREF=Spinocerebellar ataxia (in some patients)
Stance ataxia	CUI=C1838393	PREF=Stance ataxia
Static ataxia	CUI=C0278162	PREF=Static ataxia
Static ataxia (finding)	CUI=C0278162	PREF=Static ataxia (finding)
Transient ataxia	CUI=C3806365	PREF=Transient ataxia
Truncal ataxia	CUI=C0427190	PREF=Truncal ataxia
Truncal ataxia (finding)	CUI=C0427190	PREF=Truncal ataxia (finding)
Truncal ataxia (in some patients)	CUI=C4227722	PREF=Truncal ataxia (in some patients)
Truncal ataxia, mild	CUI=C3281068	PREF=Truncal ataxia, mild
Truncal ataxia, progressive	CUI=C1849143	PREF=Truncal ataxia, progressive
Truncal ataxia, severe	CUI=C2674874	PREF=Truncal ataxia, severe
Trunk ataxia	CUI=C0427190	PREF=Trunk ataxia
Upper limb ataxia	CUI=C1837543	PREF=Upper limb ataxia
Vestibular ataxia	CUI=C0235927	PREF=Vestibular ataxia
Vestibulocerebellar ataxia	CUI=C0235927	PREF=Vestibulocerebellar ataxia
Vestibulocerebellar ataxia (disorder)	CUI=C0235927	PREF=Vestibulocerebellar ataxia (disorder)
	CUI=	PREF=
