(Visual disturbances NOS) or (amblyopia) or (blurred vision)	CUI=C1571956	PREF=(Visual disturbances NOS) or (amblyopia) or (blurred vision)
(Visual disturbances NOS) or (amblyopia) or (blurred vision) (disorder)	CUI=C1571956	PREF=(Visual disturbances NOS) or (amblyopia) or (blurred vision) (disorder)
bilateral blurred vision	CUI=C2126075	PREF=bilateral blurred vision
Blurred vision	CUI=C0344232	PREF=Blurred vision
Blurred vision - hazy	CUI=C0344232	PREF=Blurred vision - hazy
Blurred vision (early symptom)	CUI=C2673916	PREF=Blurred vision (early symptom)
blurred vision as if looking through a glass of water	CUI=C2220050	PREF=blurred vision as if looking through a glass of water
blurred vision in both eyes	CUI=C2126075	PREF=blurred vision in both eyes
blurred vision in left eye	CUI=C2126074	PREF=blurred vision in left eye
blurred vision in right eye	CUI=C2126073	PREF=blurred vision in right eye
Blurred vision NOS	CUI=C0344232	PREF=Blurred vision NOS
Blurred vision NOS (disorder)	CUI=C0344232	PREF=Blurred vision NOS (disorder)
Blurred vision, episodic	CUI=C1843520	PREF=Blurred vision, episodic
Blurred vision, NOS	CUI=C0344232	PREF=Blurred vision, NOS
blurry vision as if looking through glass of water	CUI=C2220050	PREF=blurry vision as if looking through glass of water
blurry vision as if looking through glass of water (symptom)	CUI=C2220050	PREF=blurry vision as if looking through glass of water (symptom)
blurry vision binocular	CUI=C2126075	PREF=blurry vision binocular
blurry vision in both eyes	CUI=C2126075	PREF=blurry vision in both eyes
blurry vision in both eyes (symptom)	CUI=C2126075	PREF=blurry vision in both eyes (symptom)
blurry vision in left eye	CUI=C2126074	PREF=blurry vision in left eye
blurry vision in left eye (symptom)	CUI=C2126074	PREF=blurry vision in left eye (symptom)
blurry vision in right eye	CUI=C2126073	PREF=blurry vision in right eye
blurry vision in right eye (symptom)	CUI=C2126073	PREF=blurry vision in right eye (symptom)
blurry vision in the left eye	CUI=C2126074	PREF=blurry vision in the left eye
blurry vision in the right eye	CUI=C2126073	PREF=blurry vision in the right eye
blurry vision left	CUI=C2126074	PREF=blurry vision left
blurry vision right	CUI=C2126073	PREF=blurry vision right
foggy central vision	CUI=C2126949	PREF=foggy central vision
foggy central vision (symptom)	CUI=C2126949	PREF=foggy central vision (symptom)
foggy peripheral vision	CUI=C2126950	PREF=foggy peripheral vision
foggy peripheral vision (symptom)	CUI=C2126950	PREF=foggy peripheral vision (symptom)
foggy vision binocular	CUI=C2126948	PREF=foggy vision binocular
foggy vision centrally	CUI=C2126949	PREF=foggy vision centrally
foggy vision clears with blinking or rubbing of eyes	CUI=C2126951	PREF=foggy vision clears with blinking or rubbing of eyes
foggy vision clears with blinking or rubbing of eyes (symptom)	CUI=C2126951	PREF=foggy vision clears with blinking or rubbing of eyes (symptom)
foggy vision for distant objects	CUI=C2126954	PREF=foggy vision for distant objects
foggy vision for distant objects (symptom)	CUI=C2126954	PREF=foggy vision for distant objects (symptom)
foggy vision for near objects	CUI=C2126955	PREF=foggy vision for near objects
foggy vision for nearby objects	CUI=C2126955	PREF=foggy vision for nearby objects
foggy vision for nearby objects (symptom)	CUI=C2126955	PREF=foggy vision for nearby objects (symptom)
foggy vision goes away with blinking or rubbing eyes	CUI=C2126951	PREF=foggy vision goes away with blinking or rubbing eyes
foggy vision in both eyes	CUI=C2126948	PREF=foggy vision in both eyes
foggy vision in both eyes (symptom)	CUI=C2126948	PREF=foggy vision in both eyes (symptom)
foggy vision in central field of vision	CUI=C2126949	PREF=foggy vision in central field of vision
foggy vision in left eye	CUI=C2126947	PREF=foggy vision in left eye
foggy vision in left eye (symptom)	CUI=C2126947	PREF=foggy vision in left eye (symptom)
foggy vision in peripheral field of vision	CUI=C2126950	PREF=foggy vision in peripheral field of vision
foggy vision in right eye	CUI=C2126946	PREF=foggy vision in right eye
foggy vision in right eye (symptom)	CUI=C2126946	PREF=foggy vision in right eye (symptom)
foggy vision left	CUI=C2126947	PREF=foggy vision left
foggy vision peripherally	CUI=C2126950	PREF=foggy vision peripherally
foggy vision right	CUI=C2126946	PREF=foggy vision right
foggy vision which is generalized	CUI=C2010780	PREF=foggy vision which is generalized
foggy vision worse in morning	CUI=C2126952	PREF=foggy vision worse in morning
foggy vision worse in morning (symptom)	CUI=C2126952	PREF=foggy vision worse in morning (symptom)
generalized foggy vision	CUI=C2010780	PREF=generalized foggy vision
generalized foggy vision (symptom)	CUI=C2010780	PREF=generalized foggy vision (symptom)
	CUI=	PREF=
	CUI=	PREF=
