[D]Encopresis (situation)	CUI=C2945606	PREF=[D]Encopresis (situation)
[D]Encopresis NOS	CUI=C2945606	PREF=[D]Encopresis NOS
[D]Encopresis NOS (context-dependent category)	CUI=C2945606	PREF=[D]Encopresis NOS (context-dependent category)
[D]Encopresis NOS (situation)	CUI=C2945606	PREF=[D]Encopresis NOS (situation)
[D]Incontinence of faeces	CUI=C0015732	PREF=[D]Incontinence of faeces
[D]Incontinence of faeces (situation)	CUI=C0015732	PREF=[D]Incontinence of faeces (situation)
[D]Incontinence of faeces NOS	CUI=C0015732	PREF=[D]Incontinence of faeces NOS
[D]Incontinence of faeces NOS (situation)	CUI=C0015732	PREF=[D]Incontinence of faeces NOS (situation)
[D]Incontinence of feces	CUI=C0015732	PREF=[D]Incontinence of feces
[D]Incontinence of feces (context-dependent category)	CUI=C0015732	PREF=[D]Incontinence of feces (context-dependent category)
[D]Incontinence of feces (situation)	CUI=C0015732	PREF=[D]Incontinence of feces (situation)
[D]Incontinence of feces NOS	CUI=C0015732	PREF=[D]Incontinence of feces NOS
[D]Incontinence of feces NOS (situation)	CUI=C0015732	PREF=[D]Incontinence of feces NOS (situation)
[D]Sphincter ani incontinence	CUI=C0347942	PREF=[D]Sphincter ani incontinence
[D]Sphincter ani incontinence (context-dependent category)	CUI=C0347942	PREF=[D]Sphincter ani incontinence (context-dependent category)
[D]Sphincter ani incontinence (situation)	CUI=C0347942	PREF=[D]Sphincter ani incontinence (situation)
Alteration in bowel elimination: incontinence	CUI=C0015732	PREF=Alteration in bowel elimination: incontinence
Bowel incontinence	CUI=C0015732	PREF=Bowel incontinence
Bowel problem	CUI=C0579086	PREF=Bowel problem
Bowel problem (finding)	CUI=C0579086	PREF=Bowel problem (finding)
bowel problems	CUI=C2186526	PREF=bowel problems
bowel urgency	CUI=C0426636	PREF=bowel urgency
Bowels: incontinent	CUI=C0015732	PREF=Bowels: incontinent
Bowels: occasional accident	CUI=C0429955	PREF=Bowels: occasional accident
Bowels: occasional accident (finding)	CUI=C0429955	PREF=Bowels: occasional accident (finding)
Complete faecal incontinence	CUI=C3874424	PREF=Complete faecal incontinence
Complete fecal incontinence	CUI=C3874424	PREF=Complete fecal incontinence
Complete fecal incontinence (finding)	CUI=C3874424	PREF=Complete fecal incontinence (finding)
Defaecation urgency	CUI=C0426636	PREF=Defaecation urgency
Defecation urgency	CUI=C0426636	PREF=Defecation urgency
defecation urgency (symptom)	CUI=C0426636	PREF=defecation urgency (symptom)
Double incont - urine + stool	CUI=C0401155	PREF=Double incont - urine + stool
Double incontinence	CUI=C0401155	PREF=Double incontinence
Double incontinence - urine and stool	CUI=C0401155	PREF=Double incontinence - urine and stool
Double incontinence (finding)	CUI=C0401155	PREF=Double incontinence (finding)
Encopresis	CUI=C2945606	PREF=Encopresis
encopresis	CUI=C0014089	PREF=encopresis
encopresis (diagnosis)	CUI=C0014089	PREF=encopresis (diagnosis)
Encopresis (disorder)	CUI=C2945606	PREF=Encopresis (disorder)
Encopresis (finding)	CUI=C2945606	PREF=Encopresis (finding)
Encopresis [D]	CUI=C2945606	PREF=Encopresis [D]
Encopresis [D] (disorder)	CUI=C2945606	PREF=Encopresis [D] (disorder)
Encopresis [D] (situation)	CUI=C2945606	PREF=Encopresis [D] (situation)
Encopresis NOS	CUI=C2945606	PREF=Encopresis NOS
Encopresis with constipation and overflow incontinence	CUI=C0236849	PREF=Encopresis with constipation and overflow incontinence
encopresis with constipation and overflow incontinence (diagnosis)	CUI=C0236849	PREF=encopresis with constipation and overflow incontinence (diagnosis)
Encopresis with constipation AND overflow incontinence (disorder)	CUI=C0236849	PREF=Encopresis with constipation AND overflow incontinence (disorder)
Encopresis with constipation AND overflow incontinence (finding)	CUI=C0236849	PREF=Encopresis with constipation AND overflow incontinence (finding)
Encopresis, NOS	CUI=C0014089	PREF=Encopresis, NOS
Faecal discharge	CUI=C0474500	PREF=Faecal discharge
Faecal fluid leakage	CUI=C0474500	PREF=Faecal fluid leakage
FAECAL INCONTINENCE	CUI=C0015732	PREF=FAECAL INCONTINENCE
Faecal incontinence due to anorectal disorder	CUI=C2585102	PREF=Faecal incontinence due to anorectal disorder
Faecal incontinence not due to organic disease	CUI=C0014089	PREF=Faecal incontinence not due to organic disease
Faecal incontinence with faecal urgency	CUI=C3874426	PREF=Faecal incontinence with faecal urgency
Faecal incontinence with incomplete defaecation	CUI=C3874425	PREF=Faecal incontinence with incomplete defaecation
Faecal overflow	CUI=C0344374	PREF=Faecal overflow
Faecal smear	CUI=C0475363	PREF=Faecal smear
Fecal discharge	CUI=C0474500	PREF=Fecal discharge
Fecal fluid leakage	CUI=C0474500	PREF=Fecal fluid leakage
Fecal fluid leakage (finding)	CUI=C0474500	PREF=Fecal fluid leakage (finding)
Fecal Incontinence	CUI=C0015732	PREF=Fecal Incontinence
Fecal incontinence due to anorectal disorder	CUI=C2585102	PREF=Fecal incontinence due to anorectal disorder
Fecal incontinence due to anorectal disorder (finding)	CUI=C2585102	PREF=Fecal incontinence due to anorectal disorder (finding)
Fecal incontinence NOS	CUI=C0015732	PREF=Fecal incontinence NOS
Fecal incontinence not due to organic disease	CUI=C0014089	PREF=Fecal incontinence not due to organic disease
Fecal incontinence with fecal urgency	CUI=C3874426	PREF=Fecal incontinence with fecal urgency
Fecal incontinence with fecal urgency (finding)	CUI=C3874426	PREF=Fecal incontinence with fecal urgency (finding)
fecal incontinence with formed stools	CUI=C2129634	PREF=fecal incontinence with formed stools
Fecal incontinence with incomplete defecation	CUI=C3874425	PREF=Fecal incontinence with incomplete defecation
Fecal incontinence with incomplete defecation (finding)	CUI=C3874425	PREF=Fecal incontinence with incomplete defecation (finding)
fecal incontinence with soft stools	CUI=C2129633	PREF=fecal incontinence with soft stools
Fecal overflow	CUI=C0344374	PREF=Fecal overflow
Fecal smear	CUI=C0475363	PREF=Fecal smear
Fecal smear (specimen)	CUI=C0475363	PREF=Fecal smear (specimen)
Fecal smearing	CUI=C0475363	PREF=Fecal smearing
Fecal urgency	CUI=C0426636	PREF=Fecal urgency
Foecal incontinence	CUI=C0015732	PREF=Foecal incontinence
Full incontinence of feces	CUI=C2921132	PREF=Full incontinence of feces
Functional encopresis	CUI=C0014089	PREF=Functional encopresis
Functional encopresis (disorder)	CUI=C0014089	PREF=Functional encopresis (disorder)
Functional encopresis (disorder) [Ambiguous]	CUI=C0014089	PREF=Functional encopresis (disorder) [Ambiguous]
Functional encopresis (finding)	CUI=C0014089	PREF=Functional encopresis (finding)
Functional encopresis, NOS	CUI=C0014089	PREF=Functional encopresis, NOS
Functional faecal incontinence	CUI=C4302239	PREF=Functional faecal incontinence
Functional fecal incontinence	CUI=C4302239	PREF=Functional fecal incontinence
Functional fecal incontinence (disorder)	CUI=C4302239	PREF=Functional fecal incontinence (disorder)
Idiopathic faecal incontinence	CUI=C0232705	PREF=Idiopathic faecal incontinence
Idiopathic fecal incontinence	CUI=C0232705	PREF=Idiopathic fecal incontinence
Idiopathic fecal incontinence (finding)	CUI=C0232705	PREF=Idiopathic fecal incontinence (finding)
Idiopathic incontinence	CUI=C0232705	PREF=Idiopathic incontinence
IFI - Idiopath faecal incontin	CUI=C0232705	PREF=IFI - Idiopath faecal incontin
IFI - Idiopath fecal incontin	CUI=C0232705	PREF=IFI - Idiopath fecal incontin
IFI - Idiopathic faecal incontinence	CUI=C0232705	PREF=IFI - Idiopathic faecal incontinence
IFI - Idiopathic fecal incontinence	CUI=C0232705	PREF=IFI - Idiopathic fecal incontinence
Incomplete defecation	CUI=C0239167	PREF=Incomplete defecation
Incontinence of faeces	CUI=C0015732	PREF=Incontinence of faeces
Incontinence of faeces (finding)	CUI=C0015732	PREF=Incontinence of faeces (finding)
Incontinence of faeces NOS	CUI=C0015732	PREF=Incontinence of faeces NOS
Incontinence of feces	CUI=C0015732	PREF=Incontinence of feces
Incontinence of feces (finding)	CUI=C0015732	PREF=Incontinence of feces (finding)
Incontinence of feces NOS	CUI=C0015732	PREF=Incontinence of feces NOS
Incontinence of feces of nonorganic origin	CUI=C0014089	PREF=Incontinence of feces of nonorganic origin
Incontinence-faeces-sym	CUI=C0015732	PREF=Incontinence-faeces-sym
Incontinence-feces-sym	CUI=C0015732	PREF=Incontinence-feces-sym
Incontinent of bowels	CUI=C0015732	PREF=Incontinent of bowels
Incontinent of faeces	CUI=C0015732	PREF=Incontinent of faeces
Incontinent of faeces - finding	CUI=C0015732	PREF=Incontinent of faeces - finding
Incontinent of faeces (& symptom)	CUI=C0015732	PREF=Incontinent of faeces (& symptom)
Incontinent of faeces (& symptom) (finding)	CUI=C0015732	PREF=Incontinent of faeces (& symptom) (finding)
Incontinent of faeces symptom	CUI=C0015732	PREF=Incontinent of faeces symptom
Incontinent of feces	CUI=C0015732	PREF=Incontinent of feces
Incontinent of feces - finding	CUI=C0015732	PREF=Incontinent of feces - finding
Incontinent of feces (& symptom)	CUI=C0015732	PREF=Incontinent of feces (& symptom)
Incontinent of feces (finding)	CUI=C0015732	PREF=Incontinent of feces (finding)
Incontinent of feces symptom	CUI=C0015732	PREF=Incontinent of feces symptom
incontinent of stool	CUI=C0015732	PREF=incontinent of stool
Involuntary stool	CUI=C0015732	PREF=Involuntary stool
Leaking of faeces	CUI=C0474500	PREF=Leaking of faeces
Leaking of feces	CUI=C0474500	PREF=Leaking of feces
Leaking of feces (finding)	CUI=C0474500	PREF=Leaking of feces (finding)
Neurogenic incontinence	CUI=C0232705	PREF=Neurogenic incontinence
Neurogenic incontinence (finding)	CUI=C0232705	PREF=Neurogenic incontinence (finding)
Neuromyopathic faecal incont	CUI=C0473136	PREF=Neuromyopathic faecal incont
Neuromyopathic faecal incontinence	CUI=C0473136	PREF=Neuromyopathic faecal incontinence
Neuromyopathic fecal incont	CUI=C0473136	PREF=Neuromyopathic fecal incont
Neuromyopathic fecal incontinence	CUI=C0473136	PREF=Neuromyopathic fecal incontinence
Neuromyopathic fecal incontinence (finding)	CUI=C0473136	PREF=Neuromyopathic fecal incontinence (finding)
Non-organic encopresis	CUI=C0014089	PREF=Non-organic encopresis
Non-organic encopresis (disorder)	CUI=C0014089	PREF=Non-organic encopresis (disorder)
Non-organic encopresis (finding)	CUI=C0014089	PREF=Non-organic encopresis (finding)
Non-organic encopresis NOS	CUI=C0014089	PREF=Non-organic encopresis NOS
Non-organic encopresis NOS (disorder)	CUI=C0014089	PREF=Non-organic encopresis NOS (disorder)
Non-organic encopresis NOS (finding)	CUI=C0014089	PREF=Non-organic encopresis NOS (finding)
Non-rententive faecal incontinence	CUI=C4303076	PREF=Non-rententive faecal incontinence
Non-retentive fecal incontinence	CUI=C4303076	PREF=Non-retentive fecal incontinence
Non-retentive fecal incontinence (finding)	CUI=C4303076	PREF=Non-retentive fecal incontinence (finding)
Nonorganic encopresis	CUI=C0014089	PREF=Nonorganic encopresis
Overflow incontinence - faeces	CUI=C0344374	PREF=Overflow incontinence - faeces
Overflow incontinence - feces	CUI=C0344374	PREF=Overflow incontinence - feces
Precipitancy of defaecation	CUI=C0426636	PREF=Precipitancy of defaecation
Precipitancy of defecation	CUI=C0426636	PREF=Precipitancy of defecation
Psychogenic encopresis	CUI=C0014089	PREF=Psychogenic encopresis
rectal discharge incontinent of stool	CUI=C0015732	PREF=rectal discharge incontinent of stool
rectal discharge incontinent of stool (physical finding)	CUI=C0015732	PREF=rectal discharge incontinent of stool (physical finding)
Rectal urgency	CUI=C0426636	PREF=Rectal urgency
reported prior bowel problem	CUI=C2186526	PREF=reported prior bowel problem
reported prior bowel problem (history)	CUI=C2186526	PREF=reported prior bowel problem (history)
rnax notify of bowel problem	CUI=C3836119	PREF=rnax notify of bowel problem
rnax notify of bowel problem (treatment)	CUI=C3836119	PREF=rnax notify of bowel problem (treatment)
rndx bowel incontinence	CUI=C0015732	PREF=rndx bowel incontinence
rndx bowel incontinence (diagnosis)	CUI=C0015732	PREF=rndx bowel incontinence (diagnosis)
Sphincter ani incontinence	CUI=C0347942	PREF=Sphincter ani incontinence
Sphincter ani incontinence (finding)	CUI=C0347942	PREF=Sphincter ani incontinence (finding)
Spurious diarrhea - overflow	CUI=C0344374	PREF=Spurious diarrhea - overflow
Spurious diarrhea - overflow (finding)	CUI=C0344374	PREF=Spurious diarrhea - overflow (finding)
Spurious diarrhoea - overflow	CUI=C0344374	PREF=Spurious diarrhoea - overflow
Spurious diarrhoea - overflow (finding)	CUI=C0344374	PREF=Spurious diarrhoea - overflow (finding)
Stools.incontinent	CUI=C0015732	PREF=Stools.incontinent
Total incontinence	CUI=C0401155	PREF=Total incontinence
unable to restrain bowel movement	CUI=C0015732	PREF=unable to restrain bowel movement
unable to restrain bowel movement (symptom)	CUI=C0015732	PREF=unable to restrain bowel movement (symptom)
unable to restrain bowel movement with formed stools	CUI=C2129634	PREF=unable to restrain bowel movement with formed stools
unable to restrain bowel movement with formed stools (symptom)	CUI=C2129634	PREF=unable to restrain bowel movement with formed stools (symptom)
unable to restrain bowel movement with soft stools	CUI=C2129633	PREF=unable to restrain bowel movement with soft stools
unable to restrain bowel movement with soft stools (symptom)	CUI=C2129633	PREF=unable to restrain bowel movement with soft stools (symptom)
Urgent desire for stool	CUI=C0426636	PREF=Urgent desire for stool
Urgent desire for stool (finding)	CUI=C0426636	PREF=Urgent desire for stool (finding)
	CUI=	PREF=
