Abducting nystagmus	CUI=C0585549	PREF=Abducting nystagmus
Abducting nystagmus (disorder)	CUI=C0585549	PREF=Abducting nystagmus (disorder)
absent opticokinetic nystagmus	CUI=C2013357	PREF=absent opticokinetic nystagmus
absent opticokinetic nystagmus (physical finding)	CUI=C2013357	PREF=absent opticokinetic nystagmus (physical finding)
Acquired jerk nystagmus	CUI=C0271389	PREF=Acquired jerk nystagmus
Acquired nystagmus	CUI=C1282461	PREF=Acquired nystagmus
Acquired nystagmus (disorder)	CUI=C1282461	PREF=Acquired nystagmus (disorder)
Acquired pendular nystagmus	CUI=C1282963	PREF=Acquired pendular nystagmus
Acquired pendular nystagmus (disorder)	CUI=C1282963	PREF=Acquired pendular nystagmus (disorder)
Amaurotic nystagmus	CUI=C0271384	PREF=Amaurotic nystagmus
Ataxic nystagmus	CUI=C0585568	PREF=Ataxic nystagmus
Ataxic nystagmus (disorder)	CUI=C0585568	PREF=Ataxic nystagmus (disorder)
Central nystagmus &/or vertigo	CUI=C1534560	PREF=Central nystagmus &/or vertigo
Central nystagmus &/or vertigo (disorder)	CUI=C1534560	PREF=Central nystagmus &/or vertigo (disorder)
Central nystagmus/vertigo	CUI=C1534560	PREF=Central nystagmus/vertigo
Central positional nystagmus	CUI=C0456750	PREF=Central positional nystagmus
Central positional nystagmus (disorder)	CUI=C0456750	PREF=Central positional nystagmus (disorder)
Central vestibular nystagmus	CUI=C0585543	PREF=Central vestibular nystagmus
Central vestibular nystagmus (disorder)	CUI=C0585543	PREF=Central vestibular nystagmus (disorder)
Cerebellar nystagmus	CUI=C0585568	PREF=Cerebellar nystagmus
Conjugate nystagmus	CUI=C0521757	PREF=Conjugate nystagmus
Conjugate nystagmus (disorder)	CUI=C0521757	PREF=Conjugate nystagmus (disorder)
Converg retraction nystagmus	CUI=C2939429	PREF=Converg retraction nystagmus
Convergence nystagmus	CUI=C0521759	PREF=Convergence nystagmus
Convergence nystagmus (disorder)	CUI=C0521759	PREF=Convergence nystagmus (disorder)
convergence nystagmus (physical finding)	CUI=C0521759	PREF=convergence nystagmus (physical finding)
Convergence retraction nystagmus	CUI=C2939429	PREF=Convergence retraction nystagmus
Convergence retraction nystagmus (disorder)	CUI=C2939429	PREF=Convergence retraction nystagmus (disorder)
Dissociated nystagmus	CUI=C0155380	PREF=Dissociated nystagmus
Dissociated nystagmus (disorder)	CUI=C0155380	PREF=Dissociated nystagmus (disorder)
dissociated nystagmus (physical finding)	CUI=C0155380	PREF=dissociated nystagmus (physical finding)
Divergence retraction nystagmus	CUI=C1302997	PREF=Divergence retraction nystagmus
Divergence retraction nystagmus (disorder)	CUI=C1302997	PREF=Divergence retraction nystagmus (disorder)
Downbeat central nystagmus	CUI=C0585544	PREF=Downbeat central nystagmus
Downbeat central vestibular nystagmus	CUI=C0585544	PREF=Downbeat central vestibular nystagmus
Downbeat central vestibular nystagmus (disorder)	CUI=C0585544	PREF=Downbeat central vestibular nystagmus (disorder)
downbeat nystagmus	CUI=C0585544	PREF=downbeat nystagmus
Downbeat nystagmus (disorder)	CUI=C0585544	PREF=Downbeat nystagmus (disorder)
downbeat nystagmus (physical finding)	CUI=C0585544	PREF=downbeat nystagmus (physical finding)
Elliptical nystagmus	CUI=C1321325	PREF=Elliptical nystagmus
Elliptical nystagmus (disorder)	CUI=C1321325	PREF=Elliptical nystagmus (disorder)
End-position nystagmus	CUI=C0271390	PREF=End-position nystagmus
End-position nystagmus (disorder)	CUI=C0271390	PREF=End-position nystagmus (disorder)
Eyelid nystagmus	CUI=C4518723	PREF=Eyelid nystagmus
Eyelid nystagmus (disorder)	CUI=C4518723	PREF=Eyelid nystagmus (disorder)
Fatigable positional nystagmus	CUI=C0521760	PREF=Fatigable positional nystagmus
Fatigable positional nystagmus (disorder)	CUI=C0521760	PREF=Fatigable positional nystagmus (disorder)
Fine horizontal nystagmus	CUI=C3281075	PREF=Fine horizontal nystagmus
Fixation nystagmus	CUI=C0152224	PREF=Fixation nystagmus
Fixation nystagmus (disorder)	CUI=C0152224	PREF=Fixation nystagmus (disorder)
Fixation nystagmus, NOS	CUI=C0152224	PREF=Fixation nystagmus, NOS
Gaze evoked nystagmus	CUI=C0271390	PREF=Gaze evoked nystagmus
Gaze paretic nystagmus	CUI=C0344244	PREF=Gaze paretic nystagmus
Gaze paretic nystagmus (disorder)	CUI=C0344244	PREF=Gaze paretic nystagmus (disorder)
Gaze-evoked horizontal nystagmus	CUI=C1853394	PREF=Gaze-evoked horizontal nystagmus
Gaze-evoked horizontal nystagmus (not always present)	CUI=C1861739	PREF=Gaze-evoked horizontal nystagmus (not always present)
Gaze-evoked nystagmus	CUI=C0271390	PREF=Gaze-evoked nystagmus
Gaze-evoked nystagmus (1 patient)	CUI=C3278786	PREF=Gaze-evoked nystagmus (1 patient)
Gaze-evoked nystagmus (33%)	CUI=C1969723	PREF=Gaze-evoked nystagmus (33%)
Gazed-evoked nystagmus	CUI=C0271390	PREF=Gazed-evoked nystagmus
Heartbeat nystagmus	CUI=C1640811	PREF=Heartbeat nystagmus
Heartbeat nystagmus (disorder)	CUI=C1640811	PREF=Heartbeat nystagmus (disorder)
Hemi-seesaw nystagmus	CUI=C0585548	PREF=Hemi-seesaw nystagmus
Hemi-seesaw nystagmus (disorder)	CUI=C0585548	PREF=Hemi-seesaw nystagmus (disorder)
Horizontal central vestibular nystagmus	CUI=C0271385	PREF=Horizontal central vestibular nystagmus
Horizontal gaze nystagmus	CUI=C3553051	PREF=Horizontal gaze nystagmus
Horizontal nystagmus	CUI=C0271385	PREF=Horizontal nystagmus
Horizontal nystagmus (5%)	CUI=C1833803	PREF=Horizontal nystagmus (5%)
Horizontal nystagmus (about half of patients)	CUI=C3553823	PREF=Horizontal nystagmus (about half of patients)
Horizontal nystagmus (disorder)	CUI=C0271385	PREF=Horizontal nystagmus (disorder)
horizontal nystagmus (physical finding)	CUI=C0271385	PREF=horizontal nystagmus (physical finding)
horizontal nystagmus was observed	CUI=C0271385	PREF=horizontal nystagmus was observed
Horizontal or rotary nystagmus	CUI=C3279319	PREF=Horizontal or rotary nystagmus
Horizontal pendular nystagmus	CUI=C1866180	PREF=Horizontal pendular nystagmus
Irregular nystagmus	CUI=C0344240	PREF=Irregular nystagmus
Irregular nystagmus (disorder)	CUI=C0344240	PREF=Irregular nystagmus (disorder)
Jerk nystagmus	CUI=C0271389	PREF=Jerk nystagmus
Jerk nystagmus (disorder)	CUI=C0271389	PREF=Jerk nystagmus (disorder)
Manifest nystagmus	CUI=C0563630	PREF=Manifest nystagmus
Manifest nystagmus (disorder)	CUI=C0563630	PREF=Manifest nystagmus (disorder)
Manifest-latent nystagmus	CUI=C0563632	PREF=Manifest-latent nystagmus
Micronystagmus	CUI=C0344241	PREF=Micronystagmus
Micronystagmus (observable entity)	CUI=C0344241	PREF=Micronystagmus (observable entity)
Micronystagmus (rare)	CUI=C3281219	PREF=Micronystagmus (rare)
Mixed nystagmus	CUI=C0344239	PREF=Mixed nystagmus
Mixed nystagmus (disorder)	CUI=C0344239	PREF=Mixed nystagmus (disorder)
No nystagmus	CUI=C1850287	PREF=No nystagmus
Non-fatigable positional nystagmus	CUI=C0521761	PREF=Non-fatigable positional nystagmus
Non-fatigable positional nystagmus (disorder)	CUI=C0521761	PREF=Non-fatigable positional nystagmus (disorder)
Nystagmus	CUI=C0028738	PREF=Nystagmus
nystagmus (diagnosis)	CUI=C0028738	PREF=nystagmus (diagnosis)
Nystagmus (disorder)	CUI=C0028738	PREF=Nystagmus (disorder)
Nystagmus (females)	CUI=C1844729	PREF=Nystagmus (females)
nystagmus (physical finding)	CUI=C0028738	PREF=nystagmus (physical finding)
Nystagmus (rare)	CUI=C1866859	PREF=Nystagmus (rare)
Nystagmus (type I)	CUI=C2673293	PREF=Nystagmus (type I)
Nystagmus (uncommon)	CUI=C2676253	PREF=Nystagmus (uncommon)
Nystagmus &/or other irregular eye movements	CUI=C0339666	PREF=Nystagmus &/or other irregular eye movements
Nystagmus &/or other irregular eye movements (disorder)	CUI=C0339666	PREF=Nystagmus &/or other irregular eye movements (disorder)
Nystagmus absent	CUI=C0558852	PREF=Nystagmus absent
Nystagmus absent (context-dependent category)	CUI=C0558852	PREF=Nystagmus absent (context-dependent category)
Nystagmus absent (finding)	CUI=C0558852	PREF=Nystagmus absent (finding)
Nystagmus absent (situation)	CUI=C0558852	PREF=Nystagmus absent (situation)
Nystagmus amp Eye	CUI=C4069791	PREF=Nystagmus amp Eye
Nystagmus amplitude	CUI=C4067872	PREF=Nystagmus amplitude
Nystagmus amplitude Eye	CUI=C4069791	PREF=Nystagmus amplitude Eye
Nystagmus and other irregular eye movements	CUI=C0339666	PREF=Nystagmus and other irregular eye movements
Nystagmus and other irregular eye movements (disorder)	CUI=C0339666	PREF=Nystagmus and other irregular eye movements (disorder)
Nystagmus decreases on convergence	CUI=C1842193	PREF=Nystagmus decreases on convergence
Nystagmus dir Eye	CUI=C4069790	PREF=Nystagmus dir Eye
Nystagmus direction	CUI=C4067871	PREF=Nystagmus direction
Nystagmus direction Eye	CUI=C4069790	PREF=Nystagmus direction Eye
Nystagmus examination	CUI=C0946259	PREF=Nystagmus examination
Nystagmus examination Left eye	CUI=C0945161	PREF=Nystagmus examination Left eye
Nystagmus examination Left eye Narrative	CUI=C0945162	PREF=Nystagmus examination Left eye Narrative
Nystagmus examination Right eye	CUI=C0945700	PREF=Nystagmus examination Right eye
Nystagmus examination Right eye Narrative	CUI=C0945701	PREF=Nystagmus examination Right eye Narrative
Nystagmus examination:Find:Pt:Eye.left:Nar	CUI=C0945162	PREF=Nystagmus examination:Find:Pt:Eye.left:Nar
Nystagmus examination:Find:Pt:Eye.right:Nar	CUI=C0945701	PREF=Nystagmus examination:Find:Pt:Eye.right:Nar
Nystagmus examination:Finding:Point in time:Eye.left:Narrative	CUI=C0945162	PREF=Nystagmus examination:Finding:Point in time:Eye.left:Narrative
Nystagmus examination:Finding:Point in time:Eye.right:Narrative	CUI=C0945701	PREF=Nystagmus examination:Finding:Point in time:Eye.right:Narrative
Nystagmus examination:Presence or Identity:Point in time:Eye.left:Nominal	CUI=C0945161	PREF=Nystagmus examination:Presence or Identity:Point in time:Eye.left:Nominal
Nystagmus examination:Presence or Identity:Point in time:Eye.right:Nominal	CUI=C0945700	PREF=Nystagmus examination:Presence or Identity:Point in time:Eye.right:Nominal
Nystagmus examination:Prid:Pt:Eye.left:Nom	CUI=C0945161	PREF=Nystagmus examination:Prid:Pt:Eye.left:Nom
Nystagmus examination:Prid:Pt:Eye.right:Nom	CUI=C0945700	PREF=Nystagmus examination:Prid:Pt:Eye.right:Nom
Nystagmus freq Eye	CUI=C4069890	PREF=Nystagmus freq Eye
Nystagmus frequency	CUI=C4067891	PREF=Nystagmus frequency
Nystagmus frequency Eye	CUI=C4069890	PREF=Nystagmus frequency Eye
Nystagmus frequency:Find:Pt:Eye:Ord	CUI=C4069890	PREF=Nystagmus frequency:Find:Pt:Eye:Ord
Nystagmus frequency:Finding:Point in time:Eye:Ordinal	CUI=C4069890	PREF=Nystagmus frequency:Finding:Point in time:Eye:Ordinal
Nystagmus in adult patients	CUI=C1855413	PREF=Nystagmus in adult patients
Nystagmus inducing optokinetic drum	CUI=C3880850	PREF=Nystagmus inducing optokinetic drum
Nystagmus inducing optokinetic drum (physical object)	CUI=C3880850	PREF=Nystagmus inducing optokinetic drum (physical object)
Nystagmus inducing tape	CUI=C3877913	PREF=Nystagmus inducing tape
Nystagmus inducing tape (physical object)	CUI=C3877913	PREF=Nystagmus inducing tape (physical object)
Nystagmus inhibited when fixation removed	CUI=C0521766	PREF=Nystagmus inhibited when fixation removed
Nystagmus inhibited when fixation removed (disorder)	CUI=C0521766	PREF=Nystagmus inhibited when fixation removed (disorder)
Nystagmus is accentuated by fixation, lateral gaze, smooth pursuit	CUI=C1842192	PREF=Nystagmus is accentuated by fixation, lateral gaze, smooth pursuit
Nystagmus is often the presenting sign	CUI=C3279324	PREF=Nystagmus is often the presenting sign
Nystagmus noted	CUI=C3842080	PREF=Nystagmus noted
Nystagmus on lateral gaze	CUI=C4013199	PREF=Nystagmus on lateral gaze
Nystagmus or other irregular eye movement NOS	CUI=C0339666	PREF=Nystagmus or other irregular eye movement NOS
Nystagmus or other irregular eye movement NOS (disorder)	CUI=C0339666	PREF=Nystagmus or other irregular eye movement NOS (disorder)
Nystagmus present	CUI=C0585567	PREF=Nystagmus present
Nystagmus present (finding)	CUI=C0585567	PREF=Nystagmus present (finding)
Nystagmus produced by neck rotation	CUI=C0521763	PREF=Nystagmus produced by neck rotation
Nystagmus produced by neck rotation (disorder)	CUI=C0521763	PREF=Nystagmus produced by neck rotation (disorder)
Nystagmus retractorius	CUI=C0520731	PREF=Nystagmus retractorius
Nystagmus retractorius (disorder)	CUI=C0520731	PREF=Nystagmus retractorius (disorder)
Nystagmus signs	CUI=C0585566	PREF=Nystagmus signs
Nystagmus signs (disorder)	CUI=C0585566	PREF=Nystagmus signs (disorder)
Nystagmus tape	CUI=C0491746	PREF=Nystagmus tape
Nystagmus tape (physical object)	CUI=C0491746	PREF=Nystagmus tape (physical object)
Nystagmus test	CUI=C0200205	PREF=Nystagmus test
Nystagmus test (procedure)	CUI=C0200205	PREF=Nystagmus test (procedure)
Nystagmus test, NOS	CUI=C0200205	PREF=Nystagmus test, NOS
nystagmus tests	CUI=C0200205	PREF=nystagmus tests
Nystagmus, bilateral horizontal	CUI=C4315118	PREF=Nystagmus, bilateral horizontal
Nystagmus, downbeat	CUI=C0585544	PREF=Nystagmus, downbeat
Nystagmus, gaze-evoked	CUI=C0271390	PREF=Nystagmus, gaze-evoked
Nystagmus, horizontal	CUI=C0271385	PREF=Nystagmus, horizontal
Nystagmus, horizontal (rare)	CUI=C3553179	PREF=Nystagmus, horizontal (rare)
Nystagmus, horizontal gaze-evoked	CUI=C1853394	PREF=Nystagmus, horizontal gaze-evoked
Nystagmus, horizontal, gaze-evoked	CUI=C1853394	PREF=Nystagmus, horizontal, gaze-evoked
Nystagmus, horizontal, mild	CUI=C3552279	PREF=Nystagmus, horizontal, mild
Nystagmus, horizontal, mild (44%)	CUI=C2674365	PREF=Nystagmus, horizontal, mild (44%)
Nystagmus, infantile	CUI=C2673809	PREF=Nystagmus, infantile
Nystagmus, intermittent (1 of 2 sibs)	CUI=C4015090	PREF=Nystagmus, intermittent (1 of 2 sibs)
Nystagmus, jerky	CUI=C2748925	PREF=Nystagmus, jerky
Nystagmus, jerky, horizontal, congenital	CUI=C1842187	PREF=Nystagmus, jerky, horizontal, congenital
Nystagmus, manifest-latent	CUI=C0563632	PREF=Nystagmus, manifest-latent
Nystagmus, mild	CUI=C1837545	PREF=Nystagmus, mild
Nystagmus, minimal rotational (rare)	CUI=C3281220	PREF=Nystagmus, minimal rotational (rare)
Nystagmus, moderate	CUI=C3281218	PREF=Nystagmus, moderate
NYSTAGMUS, MYOCLONIC	CUI=C1839579	PREF=NYSTAGMUS, MYOCLONIC
Nystagmus, NOS	CUI=C0028738	PREF=Nystagmus, NOS
Nystagmus, pendular	CUI=C0271388	PREF=Nystagmus, pendular
Nystagmus, vertical (rare)	CUI=C2677686	PREF=Nystagmus, vertical (rare)
NYSTAGMUS, VOLUNTARY	CUI=C0339667	PREF=NYSTAGMUS, VOLUNTARY
Nystagmus:Type:Point in time:Eye:Nominal	CUI=C4069794	PREF=Nystagmus:Type:Point in time:Eye:Nominal
Nystagmus:Type:Pt:Eye:Nom	CUI=C4069794	PREF=Nystagmus:Type:Pt:Eye:Nom
Nystagmus/irreg.eye movt. NOS	CUI=C0339666	PREF=Nystagmus/irreg.eye movt. NOS
Nystagmus+other irreg eye movt	CUI=C0339666	PREF=Nystagmus+other irreg eye movt
O/E - no nystagmus	CUI=C0437615	PREF=O/E - no nystagmus
O/E - no nystagmus (finding)	CUI=C0437615	PREF=O/E - no nystagmus (finding)
O/E - nystagmus	CUI=C0437614	PREF=O/E - nystagmus
O/E - nystagmus - CNS -regular	CUI=C0437618	PREF=O/E - nystagmus - CNS -regular
O/E - nystagmus - CNS -regular (finding)	CUI=C0437618	PREF=O/E - nystagmus - CNS -regular (finding)
O/E - nystagmus (finding)	CUI=C0437614	PREF=O/E - nystagmus (finding)
O/E - nystagmus NOS	CUI=C0437614	PREF=O/E - nystagmus NOS
O/E - nystagmus NOS (finding)	CUI=C0437614	PREF=O/E - nystagmus NOS (finding)
O/E - visual nystagmus	CUI=C0437616	PREF=O/E - visual nystagmus
O/E - visual nystagmus (finding)	CUI=C0437616	PREF=O/E - visual nystagmus (finding)
O/E-nystagmus-labyrinth-irreg.	CUI=C0437617	PREF=O/E-nystagmus-labyrinth-irreg.
O/E-nystagmus-labyrinth-irreg. (finding)	CUI=C0437617	PREF=O/E-nystagmus-labyrinth-irreg. (finding)
Ocular nystagmus	CUI=C0271384	PREF=Ocular nystagmus
OKN - Optokinetic nystagmus	CUI=C0162567	PREF=OKN - Optokinetic nystagmus
On examination - no nystagmus	CUI=C0437615	PREF=On examination - no nystagmus
On examination - no nystagmus (context-dependent category)	CUI=C0437615	PREF=On examination - no nystagmus (context-dependent category)
On examination - no nystagmus (situation)	CUI=C0437615	PREF=On examination - no nystagmus (situation)
On examination - nystagmus	CUI=C0437614	PREF=On examination - nystagmus
On examination - nystagmus - central nervous system-regular	CUI=C0437618	PREF=On examination - nystagmus - central nervous system-regular
On examination - nystagmus - central nervous system-regular (disorder)	CUI=C0437618	PREF=On examination - nystagmus - central nervous system-regular (disorder)
On examination - nystagmus - CNS -regular	CUI=C0437618	PREF=On examination - nystagmus - CNS -regular
On examination - nystagmus - CNS -regular (context-dependent category)	CUI=C0437618	PREF=On examination - nystagmus - CNS -regular (context-dependent category)
On examination - nystagmus - CNS -regular (disorder)	CUI=C0437618	PREF=On examination - nystagmus - CNS -regular (disorder)
On examination - nystagmus (context-dependent category)	CUI=C0437614	PREF=On examination - nystagmus (context-dependent category)
On examination - nystagmus (finding)	CUI=C0437614	PREF=On examination - nystagmus (finding)
On examination - nystagmus NOS	CUI=C0437614	PREF=On examination - nystagmus NOS
On examination - nystagmus NOS (context-dependent category)	CUI=C0437614	PREF=On examination - nystagmus NOS (context-dependent category)
On examination - nystagmus NOS (disorder)	CUI=C0437614	PREF=On examination - nystagmus NOS (disorder)
On examination - nystagmus-labyrinth-irreg. (context-dependent category)	CUI=C0437617	PREF=On examination - nystagmus-labyrinth-irreg. (context-dependent category)
On examination - visual nystagmus	CUI=C0437616	PREF=On examination - visual nystagmus
On examination - visual nystagmus (context-dependent category)	CUI=C0437616	PREF=On examination - visual nystagmus (context-dependent category)
On examination - visual nystagmus (disorder)	CUI=C0437616	PREF=On examination - visual nystagmus (disorder)
opticokinetic nystagmus absent to left	CUI=C2013358	PREF=opticokinetic nystagmus absent to left
opticokinetic nystagmus absent to left (physical finding)	CUI=C2013358	PREF=opticokinetic nystagmus absent to left (physical finding)
opticokinetic nystagmus absent to right	CUI=C2013359	PREF=opticokinetic nystagmus absent to right
opticokinetic nystagmus absent to right (physical finding)	CUI=C2013359	PREF=opticokinetic nystagmus absent to right (physical finding)
opticokinetic nystagmus was absent	CUI=C2013357	PREF=opticokinetic nystagmus was absent
opticokinetic nystagmus was absent to the left	CUI=C2013358	PREF=opticokinetic nystagmus was absent to the left
opticokinetic nystagmus was absent to the right	CUI=C2013359	PREF=opticokinetic nystagmus was absent to the right
Optokinetic nystagmus	CUI=C0162567	PREF=Optokinetic nystagmus
Optokinetic nystagmus test	CUI=C0200211	PREF=Optokinetic nystagmus test
Optokinetic nystagmus test (procedure)	CUI=C0200211	PREF=Optokinetic nystagmus test (procedure)
Optokinetic nystagmus test (regime/therapy)	CUI=C0200211	PREF=Optokinetic nystagmus test (regime/therapy)
Optokinetic nystagmus test, bidirectional, foveal or peripheral stimulation, with recording	CUI=C0200213	PREF=Optokinetic nystagmus test, bidirectional, foveal or peripheral stimulation, with recording
Optokinetic nystagmus test, bidirectional, with foveal or peripheral stimulation with recording	CUI=C0200213	PREF=Optokinetic nystagmus test, bidirectional, with foveal or peripheral stimulation with recording
Optokinetic nystagmus test, bidirectional, with recording	CUI=C0200212	PREF=Optokinetic nystagmus test, bidirectional, with recording
Optokinetic nystagmus test, bidirectional, with recording (procedure)	CUI=C0200212	PREF=Optokinetic nystagmus test, bidirectional, with recording (procedure)
Optokinetic nystagmus test, bidirectional, with recording (regime/therapy)	CUI=C0200212	PREF=Optokinetic nystagmus test, bidirectional, with recording (regime/therapy)
Other forms of nystagmus	CUI=C0029620	PREF=Other forms of nystagmus
Other forms of nystagmus (disorder)	CUI=C0029620	PREF=Other forms of nystagmus (disorder)
Palatal nystagmus	CUI=C0030214	PREF=Palatal nystagmus
Pendular nystagmus	CUI=C0271388	PREF=Pendular nystagmus
Pendular nystagmus (disorder)	CUI=C0271388	PREF=Pendular nystagmus (disorder)
Pendular nystagmus (finding)	CUI=C0271388	PREF=Pendular nystagmus (finding)
pendular nystagmus (physical finding)	CUI=C0271388	PREF=pendular nystagmus (physical finding)
Pendular nystagmus [Ambiguous]	CUI=C0271388	PREF=Pendular nystagmus [Ambiguous]
pendular nystagmus was observed	CUI=C0271388	PREF=pendular nystagmus was observed
Periodic alternating nystagmus	CUI=C0271382	PREF=Periodic alternating nystagmus
Periodic alternating nystagmus (disorder)	CUI=C0271382	PREF=Periodic alternating nystagmus (disorder)
Periph vestibular nystagmus	CUI=C0585541	PREF=Periph vestibular nystagmus
Peripheral vestibular nystagmus	CUI=C0585541	PREF=Peripheral vestibular nystagmus
Peripheral vestibular nystagmus (disorder)	CUI=C0585541	PREF=Peripheral vestibular nystagmus (disorder)
Permanent nystagmus	CUI=C0521754	PREF=Permanent nystagmus
Permanent nystagmus (disorder)	CUI=C0521754	PREF=Permanent nystagmus (disorder)
Perverted nystagmus	CUI=C4518722	PREF=Perverted nystagmus
Perverted nystagmus (disorder)	CUI=C4518722	PREF=Perverted nystagmus (disorder)
Physiologic Nystagmus (function)	CUI=C0028740	PREF=Physiologic Nystagmus (function)
Physiological nystagmus	CUI=C4522031	PREF=Physiological nystagmus
Physiological nystagmus	CUI=C0028740	PREF=Physiological nystagmus
Physiological nystagmus (disorder)	CUI=C4522031	PREF=Physiological nystagmus (disorder)
Physiological nystagmus (observable entity)	CUI=C0028740	PREF=Physiological nystagmus (observable entity)
POSITIONAL NYSTAGMUS	CUI=C0200208	PREF=POSITIONAL NYSTAGMUS
Positional Nystagmus	CUI=C0524672	PREF=Positional Nystagmus
Positional nystagmus (disorder)	CUI=C0524672	PREF=Positional nystagmus (disorder)
Positional nystagmus test	CUI=C0200208	PREF=Positional nystagmus test
positional nystagmus test	CUI=C0200210	PREF=positional nystagmus test
positional nystagmus test (procedure)	CUI=C0200210	PREF=positional nystagmus test (procedure)
Positional nystagmus test (procedure)	CUI=C0200208	PREF=Positional nystagmus test (procedure)
Positional nystagmus test (regime/therapy)	CUI=C0200208	PREF=Positional nystagmus test (regime/therapy)
Positional nystagmus test with minimum of 4 positions with recording	CUI=C0200210	PREF=Positional nystagmus test with minimum of 4 positions with recording
Positional nystagmus test with recording	CUI=C0200209	PREF=Positional nystagmus test with recording
Positional nystagmus test with recording (procedure)	CUI=C0200209	PREF=Positional nystagmus test with recording (procedure)
Positional nystagmus test with recording (regime/therapy)	CUI=C0200209	PREF=Positional nystagmus test with recording (regime/therapy)
Positional nystagmus, NOS	CUI=C0524672	PREF=Positional nystagmus, NOS
Positional nystagmus, variable eye direction	CUI=C0521762	PREF=Positional nystagmus, variable eye direction
Positional nystagmus, variable eye direction (disorder)	CUI=C0521762	PREF=Positional nystagmus, variable eye direction (disorder)
Postural nystagmus	CUI=C0344246	PREF=Postural nystagmus
Postural nystagmus (disorder)	CUI=C0344246	PREF=Postural nystagmus (disorder)
Pressure-induced nystagmus	CUI=C0349685	PREF=Pressure-induced nystagmus
Pressure-induced nystagmus (disorder)	CUI=C0349685	PREF=Pressure-induced nystagmus (disorder)
Rebound nystagmus	CUI=C0271387	PREF=Rebound nystagmus
Rebound nystagmus (disorder)	CUI=C0271387	PREF=Rebound nystagmus (disorder)
rebound nystagmus (physical finding)	CUI=C0271387	PREF=rebound nystagmus (physical finding)
rebound nystagmus was observed	CUI=C0271387	PREF=rebound nystagmus was observed
Retraction nystagmus	CUI=C0520731	PREF=Retraction nystagmus
Retraction nystagmus (disorder)	CUI=C0520731	PREF=Retraction nystagmus (disorder)
Rhythmical nystagmus	CUI=C0271389	PREF=Rhythmical nystagmus
Rotary nystagmus	CUI=C0240595	PREF=Rotary nystagmus
Rotary nystagmus (disorder)	CUI=C0240595	PREF=Rotary nystagmus (disorder)
Rotary nystagmus (in 1 patient)	CUI=C3553612	PREF=Rotary nystagmus (in 1 patient)
Rotational nystagmus	CUI=C0240595	PREF=Rotational nystagmus
Rotational nystagmus (disorder)	CUI=C0240595	PREF=Rotational nystagmus (disorder)
Rotatory nystagmus	CUI=C0240595	PREF=Rotatory nystagmus
rotatory nystagmus (physical finding)	CUI=C0240595	PREF=rotatory nystagmus (physical finding)
rotatory nystagmus induced only by sudden position change	CUI=C2219362	PREF=rotatory nystagmus induced only by sudden position change
rotatory nystagmus induced only by sudden position change (physical finding)	CUI=C2219362	PREF=rotatory nystagmus induced only by sudden position change (physical finding)
rotatory nystagmus was observed	CUI=C0240595	PREF=rotatory nystagmus was observed
rotatory nystagmus was observed which was induced only by sudden position change	CUI=C2219362	PREF=rotatory nystagmus was observed which was induced only by sudden position change
Searching nystagmus	CUI=C4478410	PREF=Searching nystagmus
See-saw nystagmus	CUI=C0344243	PREF=See-saw nystagmus
See-saw nystagmus (disorder)	CUI=C0344243	PREF=See-saw nystagmus (disorder)
see-saw nystagmus (physical finding)	CUI=C0344243	PREF=see-saw nystagmus (physical finding)
see-saw nystagmus was present	CUI=C0344243	PREF=see-saw nystagmus was present
Seesaw nystagmus	CUI=C0344243	PREF=Seesaw nystagmus
Sensory defect nystagmus	CUI=C0585538	PREF=Sensory defect nystagmus
Sensory nystagmus	CUI=C3839734	PREF=Sensory nystagmus
Sensory nystagmus (disorder)	CUI=C3839734	PREF=Sensory nystagmus (disorder)
Severe nystagmus	CUI=C4230066	PREF=Severe nystagmus
Sound intensity-induced nystagmus	CUI=C0349686	PREF=Sound intensity-induced nystagmus
Sound intensity-induced nystagmus (disorder)	CUI=C0349686	PREF=Sound intensity-induced nystagmus (disorder)
Sound-induced nystagmus	CUI=C0349686	PREF=Sound-induced nystagmus
Spontaneous nystagmus	CUI=C0349681	PREF=Spontaneous nystagmus
spontaneous nystagmus (diagnosis)	CUI=C0349681	PREF=spontaneous nystagmus (diagnosis)
Spontaneous nystagmus (disorder)	CUI=C0349681	PREF=Spontaneous nystagmus (disorder)
Spontaneous ocular nystagmus	CUI=C0271384	PREF=Spontaneous ocular nystagmus
Spontaneous ocular nystagmus (disorder)	CUI=C0271384	PREF=Spontaneous ocular nystagmus (disorder)
Symptomatic nystagmus	CUI=C0271383	PREF=Symptomatic nystagmus
Symptomatic nystagmus (disorder)	CUI=C0271383	PREF=Symptomatic nystagmus (disorder)
Temporary nystagmus	CUI=C0521753	PREF=Temporary nystagmus
Temporary nystagmus (disorder)	CUI=C0521753	PREF=Temporary nystagmus (disorder)
Torsional central vestibular nystagmus	CUI=C0585546	PREF=Torsional central vestibular nystagmus
Torsional central vestibular nystagmus (disorder)	CUI=C0585546	PREF=Torsional central vestibular nystagmus (disorder)
Torsional nystagmus	CUI=C4546199	PREF=Torsional nystagmus
Torsional nystagmus (disorder)	CUI=C4546199	PREF=Torsional nystagmus (disorder)
Type of Nystagmus	CUI=C4069794	PREF=Type of Nystagmus
Unidirectional nystagmus	CUI=C0521755	PREF=Unidirectional nystagmus
Unidirectional nystagmus (disorder)	CUI=C0521755	PREF=Unidirectional nystagmus (disorder)
Uniocular nystagmus	CUI=C0344242	PREF=Uniocular nystagmus
Uniocular nystagmus (disorder)	CUI=C0344242	PREF=Uniocular nystagmus (disorder)
Unspecified nystagmus	CUI=C0028738	PREF=Unspecified nystagmus
Unspecified nystagmus (disorder)	CUI=C0028738	PREF=Unspecified nystagmus (disorder)
Upbeat central nystagmus	CUI=C0585545	PREF=Upbeat central nystagmus
Upbeat central vestibular nystagmus	CUI=C0585545	PREF=Upbeat central vestibular nystagmus
Upbeat central vestibular nystagmus (disorder)	CUI=C0585545	PREF=Upbeat central vestibular nystagmus (disorder)
Upbeat nystagmus	CUI=C0585545	PREF=Upbeat nystagmus
Upbeat nystagmus (disorder)	CUI=C0585545	PREF=Upbeat nystagmus (disorder)
upbeat nystagmus (physical finding)	CUI=C0585545	PREF=upbeat nystagmus (physical finding)
upbeat nystagmus was observed	CUI=C0585545	PREF=upbeat nystagmus was observed
Vertical nystagmus	CUI=C0271386	PREF=Vertical nystagmus
Vertical nystagmus (disorder)	CUI=C0271386	PREF=Vertical nystagmus (disorder)
vertical nystagmus induced by head shaking	CUI=C2225474	PREF=vertical nystagmus induced by head shaking
vertical nystagmus induced by head shaking (physical finding)	CUI=C2225474	PREF=vertical nystagmus induced by head shaking (physical finding)
vertigo of central origin with positional nystagmus	CUI=C0456750	PREF=vertigo of central origin with positional nystagmus
vertigo of central origin with positional nystagmus (diagnosis)	CUI=C0456750	PREF=vertigo of central origin with positional nystagmus (diagnosis)
vestibular eval & recording optokinetic nystagmus bidirectional	CUI=C0200212	PREF=vestibular eval & recording optokinetic nystagmus bidirectional
vestibular eval & recording optokinetic nystagmus bidirectional (procedure)	CUI=C0200212	PREF=vestibular eval & recording optokinetic nystagmus bidirectional (procedure)
vestibular evaluation and recording of optokinetic nystagmus	CUI=C2022135	PREF=vestibular evaluation and recording of optokinetic nystagmus
vestibular evaluation and recording of optokinetic nystagmus (procedure)	CUI=C2022135	PREF=vestibular evaluation and recording of optokinetic nystagmus (procedure)
vestibular evaluation and recording of spontaneous nystagmus	CUI=C2022133	PREF=vestibular evaluation and recording of spontaneous nystagmus
vestibular evaluation and recording of spontaneous nystagmus (procedure)	CUI=C2022133	PREF=vestibular evaluation and recording of spontaneous nystagmus (procedure)
vestibular evaluation positional nystagmus test	CUI=C0200210	PREF=vestibular evaluation positional nystagmus test
vestibular evaluation with recording of positional nystagmus	CUI=C2022134	PREF=vestibular evaluation with recording of positional nystagmus
vestibular evaluation with recording of positional nystagmus (procedure)	CUI=C2022134	PREF=vestibular evaluation with recording of positional nystagmus (procedure)
Vestibular nystagmus	CUI=C0155379	PREF=Vestibular nystagmus
Visual deprivation nystagmus	CUI=C0271384	PREF=Visual deprivation nystagmus
visual deprivation nystagmus (diagnosis)	CUI=C0271384	PREF=visual deprivation nystagmus (diagnosis)
Visual deprivation nystagmus (disorder)	CUI=C0271384	PREF=Visual deprivation nystagmus (disorder)
Voluntary nystagmus	CUI=C0339667	PREF=Voluntary nystagmus
Voluntary nystagmus (disorder)	CUI=C0339667	PREF=Voluntary nystagmus (disorder)
	CUI=	PREF=
