Acute infectious tubulointerstitial nephritis	CUI=C0403380	PREF=Acute infectious tubulointerstitial nephritis
Acute infectious tubulointerstitial nephritis, NOS	CUI=C0403380	PREF=Acute infectious tubulointerstitial nephritis, NOS
Acute infective interst nephri	CUI=C0403380	PREF=Acute infective interst nephri
Acute infective interstitial nephritis	CUI=C0403380	PREF=Acute infective interstitial nephritis
Acute lower urinary tract infection	CUI=C2316134	PREF=Acute lower urinary tract infection
Acute lower urinary tract infection (diagnosis)	CUI=C2316134	PREF=Acute lower urinary tract infection (diagnosis)
Acute lower urinary tract infection (disorder)	CUI=C2316134	PREF=Acute lower urinary tract infection (disorder)
Acute upper urinary tract infection	CUI=C2316135	PREF=Acute upper urinary tract infection
Acute upper urinary tract infection (diagnosis)	CUI=C2316135	PREF=Acute upper urinary tract infection (diagnosis)
Acute upper urinary tract infection (disorder)	CUI=C2316135	PREF=Acute upper urinary tract infection (disorder)
Acute upper UTI (urinary tract infection)	CUI=C2316135	PREF=Acute upper UTI (urinary tract infection)
Acute urinary tract infection	CUI=C0242147	PREF=Acute urinary tract infection
Acute urinary tract infection (diagnosis)	CUI=C0242147	PREF=Acute urinary tract infection (diagnosis)
Acute urinary tract infection (disorder)	CUI=C0242147	PREF=Acute urinary tract infection (disorder)
Acute UTI (urinary tract infection)	CUI=C0242147	PREF=Acute UTI (urinary tract infection)
ASB - Asymptomatic bacteriuria	CUI=C0262380	PREF=ASB - Asymptomatic bacteriuria
Asymptomatic bacteriuria	CUI=C0262380	PREF=Asymptomatic bacteriuria
Asymptomatic bacteriuria (disorder)	CUI=C0262380	PREF=Asymptomatic bacteriuria (disorder)
Asymptomatic bacteriuria (finding)	CUI=C0262380	PREF=Asymptomatic bacteriuria (finding)
asymptomatic bacteruria	CUI=C0262380	PREF=asymptomatic bacteruria
asymptomatic bacteruria (diagnosis)	CUI=C0262380	PREF=asymptomatic bacteruria (diagnosis)
At risk of urinary tract infection	CUI=C1269524	PREF=At risk of urinary tract infection
At risk of urinary tract infection (finding)	CUI=C1269524	PREF=At risk of urinary tract infection (finding)
At risk of UTI (urinary tract infection)	CUI=C1269524	PREF=At risk of UTI (urinary tract infection)
autonomic dysreflexia due to urinary tract infection	CUI=C2231095	PREF=autonomic dysreflexia due to urinary tract infection
Bacilluria	CUI=C0004659	PREF=Bacilluria
Bacterial urinary infection	CUI=C0729524	PREF=Bacterial urinary infection
Bacterial urinary infection (disorder)	CUI=C0729524	PREF=Bacterial urinary infection (disorder)
bacterial urinary tract infection	CUI=C0729524	PREF=bacterial urinary tract infection
bacterial urinary tract infection (diagnosis)	CUI=C0729524	PREF=bacterial urinary tract infection (diagnosis)
Bacterial UTI (urinary tract infection)	CUI=C0729524	PREF=Bacterial UTI (urinary tract infection)
Bacteriuria	CUI=C0004659	PREF=Bacteriuria
Bacteriuria (finding)	CUI=C0004659	PREF=Bacteriuria (finding)
Bacteriuria, site not specified	CUI=C0262380	PREF=Bacteriuria, site not specified
Bacteriuria: [site not specified] or [asymptomatic]	CUI=C0262380	PREF=Bacteriuria: [site not specified] or [asymptomatic]
Bacteriuria: [site not specified] or [asymptomatic] (disorder)	CUI=C0262380	PREF=Bacteriuria: [site not specified] or [asymptomatic] (disorder)
Bilharzial cystitis	CUI=C0276926	PREF=Bilharzial cystitis
Bladder schistosomiasis	CUI=C0276926	PREF=Bladder schistosomiasis
candidiasis of renal tract	CUI=C0343882	PREF=candidiasis of renal tract
candidiasis of renal tract (diagnosis)	CUI=C0343882	PREF=candidiasis of renal tract (diagnosis)
Chronic lower urinary tract infection	CUI=C1998076	PREF=Chronic lower urinary tract infection
Chronic lower urinary tract infection (diagnosis)	CUI=C1998076	PREF=Chronic lower urinary tract infection (diagnosis)
Chronic lower urinary tract infection (disorder)	CUI=C1998076	PREF=Chronic lower urinary tract infection (disorder)
Chronic lower UTI (urinary tract infection)	CUI=C1998076	PREF=Chronic lower UTI (urinary tract infection)
Chronic urinary tract infection	CUI=C0262421	PREF=Chronic urinary tract infection
Chronic urinary tract infection (diagnosis)	CUI=C0262421	PREF=Chronic urinary tract infection (diagnosis)
Chronic urinary tract infection (disorder)	CUI=C0262421	PREF=Chronic urinary tract infection (disorder)
Coliform urinary tract infection	CUI=C0577707	PREF=Coliform urinary tract infection
Coliform urinary tract infection (diagnosis)	CUI=C0577707	PREF=Coliform urinary tract infection (diagnosis)
Coliform urinary tract infection (disorder)	CUI=C0577707	PREF=Coliform urinary tract infection (disorder)
cystitis infective recurrent	CUI=C0403710	PREF=cystitis infective recurrent
Cystitis with bilharziasis	CUI=C0276926	PREF=Cystitis with bilharziasis
Cystitis with bilharziasis (disorder)	CUI=C0276926	PREF=Cystitis with bilharziasis (disorder)
E. coli urinary tract infect	CUI=C0577708	PREF=E. coli urinary tract infect
Escherichia coli urinary tract infection	CUI=C0577708	PREF=Escherichia coli urinary tract infection
Escherichia coli urinary tract infection (diagnosis)	CUI=C0577708	PREF=Escherichia coli urinary tract infection (diagnosis)
Escherichia coli urinary tract infection (disorder)	CUI=C0577708	PREF=Escherichia coli urinary tract infection (disorder)
Febrile urinary tract infection	CUI=C3875265	PREF=Febrile urinary tract infection
Febrile urinary tract infection (disorder)	CUI=C3875265	PREF=Febrile urinary tract infection (disorder)
History of chronic urinary tract infection	CUI=C2711374	PREF=History of chronic urinary tract infection
History of chronic urinary tract infection (situation)	CUI=C2711374	PREF=History of chronic urinary tract infection (situation)
History of febrile urinary tract infection	CUI=C4040446	PREF=History of febrile urinary tract infection
History of febrile urinary tract infection (situation)	CUI=C4040446	PREF=History of febrile urinary tract infection (situation)
History of recurrent urinary tract infection	CUI=C3532611	PREF=History of recurrent urinary tract infection
History of recurrent urinary tract infection (situation)	CUI=C3532611	PREF=History of recurrent urinary tract infection (situation)
History of urinary tract infection	CUI=C3266770	PREF=History of urinary tract infection
History of urinary tract infection (situation)	CUI=C3266770	PREF=History of urinary tract infection (situation)
Infection - kidney	CUI=C0021313	PREF=Infection - kidney
Infection - urinary NOS	CUI=C0042029	PREF=Infection - urinary NOS
Infection of kidney	CUI=C0021313	PREF=Infection of kidney
infection of kidney (diagnosis)	CUI=C0021313	PREF=infection of kidney (diagnosis)
Infection of kidney NOS	CUI=C0021313	PREF=Infection of kidney NOS
Infection of kidney NOS (disorder)	CUI=C0021313	PREF=Infection of kidney NOS (disorder)
Infection of urinary tract	CUI=C0042029	PREF=Infection of urinary tract
Infectious disorder of kidney	CUI=C0021313	PREF=Infectious disorder of kidney
Infectious disorder of kidney (disorder)	CUI=C0021313	PREF=Infectious disorder of kidney (disorder)
Infective ureteritis	CUI=C0729590	PREF=Infective ureteritis
Infective ureteritis (disorder)	CUI=C0729590	PREF=Infective ureteritis (disorder)
Infestation of renal pelvis with ureter (disorder)	CUI=C0403376	PREF=Infestation of renal pelvis with ureter (disorder)
Kidney infection	CUI=C0021313	PREF=Kidney infection
Lower urinary tract infection	CUI=C0268821	PREF=Lower urinary tract infection
Lower urinary tract infection of sudden onset AND/OR short duration	CUI=C2316134	PREF=Lower urinary tract infection of sudden onset AND/OR short duration
Lower urinary tract infectious disease	CUI=C0268821	PREF=Lower urinary tract infectious disease
Lower urinary tract infectious disease (diagnosis)	CUI=C0268821	PREF=Lower urinary tract infectious disease (diagnosis)
Lower urinary tract infectious disease (disorder)	CUI=C0268821	PREF=Lower urinary tract infectious disease (disorder)
Lower urinary tract infectious disease, NOS	CUI=C0268821	PREF=Lower urinary tract infectious disease, NOS
polymicrobial urinary tract infection	CUI=C4480953	PREF=polymicrobial urinary tract infection
polymicrobial urinary tract infection (diagnosis)	CUI=C4480953	PREF=polymicrobial urinary tract infection (diagnosis)
Pus cells in urine	CUI=C0034359	PREF=Pus cells in urine
Pus cells in urine (finding)	CUI=C0034359	PREF=Pus cells in urine (finding)
pus in urine	CUI=C0034359	PREF=pus in urine
pus in urine (symptom)	CUI=C0034359	PREF=pus in urine (symptom)
PYELONEPHRITIS	CUI=C0034186	PREF=PYELONEPHRITIS
pyelonephritis (diagnosis)	CUI=C0034186	PREF=pyelonephritis (diagnosis)
Pyelonephritis (disorder)	CUI=C0034186	PREF=Pyelonephritis (disorder)
Pyelonephritis NOS	CUI=C0034186	PREF=Pyelonephritis NOS
pyelonephritis obstructive recurrent	CUI=C1827727	PREF=pyelonephritis obstructive recurrent
Pyelonephritis unspecified	CUI=C0034186	PREF=Pyelonephritis unspecified
Pyelonephritis unspecified (disorder)	CUI=C0034186	PREF=Pyelonephritis unspecified (disorder)
Pyelonephritis, NOS	CUI=C0034186	PREF=Pyelonephritis, NOS
Pyeloureteritis cystica	CUI=C0156254	PREF=Pyeloureteritis cystica
pyeloureteritis cystica (diagnosis)	CUI=C0156254	PREF=pyeloureteritis cystica (diagnosis)
Pyeloureteritis cystica (disorder)	CUI=C0156254	PREF=Pyeloureteritis cystica (disorder)
Pyoureter	CUI=C0034223	PREF=Pyoureter
pyoureter (diagnosis)	CUI=C0034223	PREF=pyoureter (diagnosis)
Pyoureter (disorder)	CUI=C0034223	PREF=Pyoureter (disorder)
Pyuria	CUI=C0034359	PREF=Pyuria
Pyuria (finding)	CUI=C0034359	PREF=Pyuria (finding)
Recur UTI-urin tract infect	CUI=C0262655	PREF=Recur UTI-urin tract infect
Recurrent infective cystitis	CUI=C0403710	PREF=Recurrent infective cystitis
Recurrent infective cystitis (diagnosis)	CUI=C0403710	PREF=Recurrent infective cystitis (diagnosis)
Recurrent infective cystitis (disorder)	CUI=C0403710	PREF=Recurrent infective cystitis (disorder)
Recurrent obstructive pyelonephritis	CUI=C1827727	PREF=Recurrent obstructive pyelonephritis
Recurrent obstructive pyelonephritis (diagnosis)	CUI=C1827727	PREF=Recurrent obstructive pyelonephritis (diagnosis)
Recurrent obstructive pyelonephritis (disorder)	CUI=C1827727	PREF=Recurrent obstructive pyelonephritis (disorder)
RECURRENT URINARY TRACT INFECN	CUI=C0262655	PREF=RECURRENT URINARY TRACT INFECN
RECURRENT URINARY TRACT INFECN	CUI=C0262655	PREF=RECURRENT URINARY TRACT INFECN
Recurrent urinary tract infection	CUI=C0262655	PREF=Recurrent urinary tract infection
Recurrent urinary tract infection (disorder)	CUI=C0262655	PREF=Recurrent urinary tract infection (disorder)
Recurrent urinary tract infections	CUI=C0262655	PREF=Recurrent urinary tract infections
recurrent urinary tract infections	CUI=C3532611	PREF=recurrent urinary tract infections
Recurrent urinary tract infections	CUI=C0262655	PREF=Recurrent urinary tract infections
Recurrent urinary tract infections (finding)	CUI=C0262655	PREF=Recurrent urinary tract infections (finding)
recurrent urinary tract infections (history)	CUI=C3532611	PREF=recurrent urinary tract infections (history)
Recurrent UTI	CUI=C0262655	PREF=Recurrent UTI
Recurrent UTI - urinary tract infection	CUI=C0262655	PREF=Recurrent UTI - urinary tract infection
Renal infection	CUI=C0021313	PREF=Renal infection
Renal tract candidiasis	CUI=C0343882	PREF=Renal tract candidiasis
Renal tract candidiasis (disorder)	CUI=C0343882	PREF=Renal tract candidiasis (disorder)
reported pyuria	CUI=C0034359	PREF=reported pyuria
Schistosoma haematobium infection	CUI=C0276926	PREF=Schistosoma haematobium infection
Schistosoma haematobium infection (disorder)	CUI=C0276926	PREF=Schistosoma haematobium infection (disorder)
Schistosoma hematobium infection	CUI=C0276926	PREF=Schistosoma hematobium infection
Schistosoma hematobium infection (disorder)	CUI=C0276926	PREF=Schistosoma hematobium infection (disorder)
Schistosomiasis of bladder	CUI=C0276926	PREF=Schistosomiasis of bladder
Schistosomiasis of bladder (disorder)	CUI=C0276926	PREF=Schistosomiasis of bladder (disorder)
Schistosomiasis of bladder [Ambiguous]	CUI=C0276926	PREF=Schistosomiasis of bladder [Ambiguous]
schistosomiasis urinary	CUI=C1704430	PREF=schistosomiasis urinary
Sepsis due to urinary tract infection	CUI=C0149801	PREF=Sepsis due to urinary tract infection
Sepsis due to urinary tract infection (disorder)	CUI=C0149801	PREF=Sepsis due to urinary tract infection (disorder)
septicemia urosepsis	CUI=C0149801	PREF=septicemia urosepsis
Suspected urinary tract infection	CUI=C1277624	PREF=Suspected urinary tract infection
Suspected UTI (urinary tract infection)	CUI=C1277624	PREF=Suspected UTI (urinary tract infection)
the urine contains pus (pyuria)	CUI=C0034359	PREF=the urine contains pus (pyuria)
Unspecified pyelonephritis NOS	CUI=C0034186	PREF=Unspecified pyelonephritis NOS
Unspecified pyelonephritis NOS (disorder)	CUI=C0034186	PREF=Unspecified pyelonephritis NOS (disorder)
Upper urinary tract infection	CUI=C1827894	PREF=Upper urinary tract infection
Upper urinary tract infection (diagnosis)	CUI=C1827894	PREF=Upper urinary tract infection (diagnosis)
Upper urinary tract infection (disorder)	CUI=C1827894	PREF=Upper urinary tract infection (disorder)
Upper urinary tract infection of sudden onset AND/OR short duration	CUI=C2316135	PREF=Upper urinary tract infection of sudden onset AND/OR short duration
Urinary calculus in schistosomiasis	CUI=C0451773	PREF=Urinary calculus in schistosomiasis
Urinary calculus in schistosomiasis (disorder)	CUI=C0451773	PREF=Urinary calculus in schistosomiasis (disorder)
Urinary infection NOS	CUI=C0042029	PREF=Urinary infection NOS
Urinary infection NOS (disorder)	CUI=C0042029	PREF=Urinary infection NOS (disorder)
Urinary schistosomiasis	CUI=C1704430	PREF=Urinary schistosomiasis
Urinary schistosomiasis (diagnosis)	CUI=C1704430	PREF=Urinary schistosomiasis (diagnosis)
Urinary schistosomiasis (disorder)	CUI=C1704430	PREF=Urinary schistosomiasis (disorder)
Urinary sepsis	CUI=C0149801	PREF=Urinary sepsis
Urinary tract candidosis	CUI=C0343882	PREF=Urinary tract candidosis
Urinary tract infect.unsp.NOS	CUI=C0042029	PREF=Urinary tract infect.unsp.NOS
Urinary tract infection	CUI=C0042029	PREF=Urinary tract infection
Urinary tract infection (& [NOS])	CUI=C0042029	PREF=Urinary tract infection (& [NOS])
Urinary tract infection (& [NOS]) (disorder)	CUI=C0042029	PREF=Urinary tract infection (& [NOS]) (disorder)
urinary tract infection (diagnosis)	CUI=C0042029	PREF=urinary tract infection (diagnosis)
Urinary tract infection (UTI) (last 30 days)	CUI=C4534389	PREF=Urinary tract infection (UTI) (last 30 days)
urinary tract infection acute	CUI=C0242147	PREF=urinary tract infection acute
Urinary tract infection associated with catheter	CUI=C3838785	PREF=Urinary tract infection associated with catheter
Urinary tract infection associated with catheter (disorder)	CUI=C3838785	PREF=Urinary tract infection associated with catheter (disorder)
urinary tract infection bacterial	CUI=C0729524	PREF=urinary tract infection bacterial
Urinary tract infection caused by 	CUI=C4076068	PREF=Urinary tract infection caused by 
Urinary tract infection caused by Enterococcus	CUI=C4074874	PREF=Urinary tract infection caused by Enterococcus
Urinary tract infection caused by Enterococcus (disorder)	CUI=C4074874	PREF=Urinary tract infection caused by Enterococcus (disorder)
Urinary tract infection caused by Klebsiella	CUI=C4076057	PREF=Urinary tract infection caused by Klebsiella
Urinary tract infection caused by Klebsiella (disorder)	CUI=C4076057	PREF=Urinary tract infection caused by Klebsiella (disorder)
Urinary tract infection caused by Pseudomonas (disorder)	CUI=C4076068	PREF=Urinary tract infection caused by Pseudomonas (disorder)
urinary tract infection chlamydia trachomatis	CUI=C4536193	PREF=urinary tract infection chlamydia trachomatis
urinary tract infection coliform	CUI=C0577707	PREF=urinary tract infection coliform
urinary tract infection due to enterobacteria	CUI=C4536194	PREF=urinary tract infection due to enterobacteria
urinary tract infection due to enterobacteria (diagnosis)	CUI=C4536194	PREF=urinary tract infection due to enterobacteria (diagnosis)
urinary tract infection due to Enterobacteriaceae serratia	CUI=C4536195	PREF=urinary tract infection due to Enterobacteriaceae serratia
urinary tract infection due to Enterobacteriaceae serratia (diagnosis)	CUI=C4536195	PREF=urinary tract infection due to Enterobacteriaceae serratia (diagnosis)
urinary tract infection due to Enterococcus	CUI=C0749958	PREF=urinary tract infection due to Enterococcus
urinary tract infection due to Enterococcus (diagnosis)	CUI=C0749958	PREF=urinary tract infection due to Enterococcus (diagnosis)
urinary tract infection due to Enterococcus faecalis	CUI=C4536210	PREF=urinary tract infection due to Enterococcus faecalis
urinary tract infection due to Enterococcus faecalis (diagnosis)	CUI=C4536210	PREF=urinary tract infection due to Enterococcus faecalis (diagnosis)
urinary tract infection due to Klebsiella	CUI=C0749961	PREF=urinary tract infection due to Klebsiella
urinary tract infection due to Klebsiella (diagnosis)	CUI=C0749961	PREF=urinary tract infection due to Klebsiella (diagnosis)
urinary tract infection due to pseudomonas	CUI=C0577710	PREF=urinary tract infection due to pseudomonas
urinary tract infection due to pseudomonas (diagnosis)	CUI=C0577710	PREF=urinary tract infection due to pseudomonas (diagnosis)
urinary tract infection due to Staphylococcus saprophyticus	CUI=C4536208	PREF=urinary tract infection due to Staphylococcus saprophyticus
urinary tract infection due to Staphylococcus saprophyticus (diagnosis)	CUI=C4536208	PREF=urinary tract infection due to Staphylococcus saprophyticus (diagnosis)
urinary tract infection due to Streptococcus Group B	CUI=C4536209	PREF=urinary tract infection due to Streptococcus Group B
urinary tract infection due to Streptococcus Group B (diagnosis)	CUI=C4536209	PREF=urinary tract infection due to Streptococcus Group B (diagnosis)
urinary tract infection enterobacteria	CUI=C4536194	PREF=urinary tract infection enterobacteria
urinary tract infection enterobacteriaceae serratia	CUI=C4536195	PREF=urinary tract infection enterobacteriaceae serratia
urinary tract infection enterobacteriaceae serratia marcescens	CUI=C4536196	PREF=urinary tract infection enterobacteriaceae serratia marcescens
urinary tract infection enterobacteriaceae serratia marcescens (diagnosis)	CUI=C4536196	PREF=urinary tract infection enterobacteriaceae serratia marcescens (diagnosis)
urinary tract infection enterococcus	CUI=C0749958	PREF=urinary tract infection enterococcus
urinary tract infection escherichia coli	CUI=C0577708	PREF=urinary tract infection escherichia coli
Urinary tract infection in last 30 days [Minimum Data Set]	CUI=C1716778	PREF=Urinary tract infection in last 30 days [Minimum Data Set]
Urinary tract infection in last 30D	CUI=C2707826	PREF=Urinary tract infection in last 30D
Urinary tract infection in last 7D	CUI=C2737224	PREF=Urinary tract infection in last 7D
urinary tract infection klebsiella	CUI=C0749961	PREF=urinary tract infection klebsiella
urinary tract infection leptospira (diagnosis)	CUI=C4536197	PREF=urinary tract infection leptospira (diagnosis)
urinary tract infection leptospira canicola	CUI=C4536198	PREF=urinary tract infection leptospira canicola
urinary tract infection leptospira canicola (diagnosis)	CUI=C4536198	PREF=urinary tract infection leptospira canicola (diagnosis)
urinary tract infection leptospira icterohemorrhagiae	CUI=C4536199	PREF=urinary tract infection leptospira icterohemorrhagiae
urinary tract infection leptospira icterohemorrhagiae (diagnosis)	CUI=C4536199	PREF=urinary tract infection leptospira icterohemorrhagiae (diagnosis)
urinary tract infection leptospira pomona (diagnosis)	CUI=C4536200	PREF=urinary tract infection leptospira pomona (diagnosis)
urinary tract infection lower acute	CUI=C2316134	PREF=urinary tract infection lower acute
urinary tract infection lower chronic	CUI=C1998076	PREF=urinary tract infection lower chronic
Urinary tract infection NOS	CUI=C0042029	PREF=Urinary tract infection NOS
Urinary tract infection of sudden onset AND/OR short duration	CUI=C0242147	PREF=Urinary tract infection of sudden onset AND/OR short duration
Urinary tract infection prophylaxis	CUI=C1739381	PREF=Urinary tract infection prophylaxis
Urinary tract infection prophylaxis (procedure)	CUI=C1739381	PREF=Urinary tract infection prophylaxis (procedure)
urinary tract infection providencia	CUI=C4536204	PREF=urinary tract infection providencia
urinary tract infection providencia (diagnosis)	CUI=C4536204	PREF=urinary tract infection providencia (diagnosis)
urinary tract infection pseudomonas aeruginosa	CUI=C4536205	PREF=urinary tract infection pseudomonas aeruginosa
urinary tract infection pseudomonas aeruginosa (diagnosis)	CUI=C4536205	PREF=urinary tract infection pseudomonas aeruginosa (diagnosis)
urinary tract infection salmonella	CUI=C0749965	PREF=urinary tract infection salmonella
urinary tract infection salmonella (diagnosis)	CUI=C0749965	PREF=urinary tract infection salmonella (diagnosis)
urinary tract infection salmonella typhi	CUI=C4536206	PREF=urinary tract infection salmonella typhi
urinary tract infection salmonella typhi (diagnosis)	CUI=C4536206	PREF=urinary tract infection salmonella typhi (diagnosis)
urinary tract infection staphylococcus	CUI=C4536207	PREF=urinary tract infection staphylococcus
urinary tract infection staphylococcus (diagnosis)	CUI=C4536207	PREF=urinary tract infection staphylococcus (diagnosis)
urinary tract infection staphylococcus saprophyticus	CUI=C4536208	PREF=urinary tract infection staphylococcus saprophyticus
urinary tract infection streptococcus group b	CUI=C4536209	PREF=urinary tract infection streptococcus group b
urinary tract infection upper	CUI=C1827894	PREF=urinary tract infection upper
urinary tract infection upper acute	CUI=C2316135	PREF=urinary tract infection upper acute
urinary tract infection, chronic	CUI=C0262421	PREF=urinary tract infection, chronic
Urinary tract infection, NOS	CUI=C0042029	PREF=Urinary tract infection, NOS
urinary tract infection, recurrent	CUI=C0262655	PREF=urinary tract infection, recurrent
urinary tract infection, recurrent (diagnosis)	CUI=C0262655	PREF=urinary tract infection, recurrent (diagnosis)
Urinary tract infection, site not specified	CUI=C0042029	PREF=Urinary tract infection, site not specified
Urinary tract infection, site not specified NOS	CUI=C0042029	PREF=Urinary tract infection, site not specified NOS
Urinary tract infection, site not specified NOS (disorder)	CUI=C0042029	PREF=Urinary tract infection, site not specified NOS (disorder)
Urinary tract infection: [site not specified] or [recurrent]	CUI=C1536979	PREF=Urinary tract infection: [site not specified] or [recurrent]
Urinary tract infection: [site not specified] or [recurrent] (disorder)	CUI=C1536979	PREF=Urinary tract infection: [site not specified] or [recurrent] (disorder)
Urinary tract infections	CUI=C0042029	PREF=Urinary tract infections
Urinary tract infections, recurrent	CUI=C0262655	PREF=Urinary tract infections, recurrent
Urinary tract infectious disease	CUI=C0042029	PREF=Urinary tract infectious disease
Urinary tract infectious disease (disorder)	CUI=C0042029	PREF=Urinary tract infectious disease (disorder)
Urinary tract infectious disease, NOS	CUI=C0042029	PREF=Urinary tract infectious disease, NOS
urinary tract lower infectious disease	CUI=C0268821	PREF=urinary tract lower infectious disease
Urine bacteria test positive	CUI=C0004659	PREF=Urine bacteria test positive
URINE CONTAINING PUS	CUI=C0034359	PREF=URINE CONTAINING PUS
URINE PURULENT	CUI=C0034359	PREF=URINE PURULENT
Urinry calculus/schistsomiasis	CUI=C0451773	PREF=Urinry calculus/schistsomiasis
Urosepsis	CUI=C0149801	PREF=Urosepsis
Urosepsis (diagnosis)	CUI=C0149801	PREF=Urosepsis (diagnosis)
Urosepsis (disorder)	CUI=C0149801	PREF=Urosepsis (disorder)
UTI	CUI=C0042029	PREF=UTI
UTI	CUI=C0042029	PREF=UTI
UTI - Lower urinary tract infection	CUI=C0268821	PREF=UTI - Lower urinary tract infection
UTI - Urinary tract infection	CUI=C0042029	PREF=UTI - Urinary tract infection
UTI-Lower urinary tract infect	CUI=C0268821	PREF=UTI-Lower urinary tract infect
Vesical schistosomiasis	CUI=C0276926	PREF=Vesical schistosomiasis
