C0004134	[D]Ataxia
C0004134	[D]Ataxia (context-dependent category)
C0004134	[D]Ataxia (situation)
C0004134	[D]Ataxia NOS
C0004134	[D]Ataxia NOS (context-dependent category)
C0004134	[D]Ataxia NOS (situation)
C0238014	Acute cerebellar ataxia
C0750937	Appendicular ataxia
C0004134	Ataxia
C0004134	ataxia (diagnosis)
C0004134	Ataxia (finding)
C3150225	Ataxia (less common)
C0004134	Ataxia (loss of muscle coordination)
C4227593	Ataxia (rare)
C3278458	Ataxia (uncommon)
C0004134	Ataxia [D]
C0004134	Ataxia [D] (finding)
C0004134	Ataxia [D] (situation)
C0007758	ATAXIA CEREBELLAR
C0393519	ataxia early-onset
C4011508	Ataxia is slowly progressive
C0004134	Ataxia NOS
C0235927	ATAXIA VESTIBULAR
C1862907	Ataxia with jerky arm movements
C0752125	Ataxia with pigmentary retinopathy
C1843853	Ataxia worsens in the dark
C4540390	Ataxia, axial
C3810444	Ataxia, cerebellar (in some patients)
C3279309	Ataxia, cerebellar (upper and lower limbs affected)
C2676256	Ataxia, cerebellar, limb and gait
C1720189	Ataxia, episodic
C2749885	Ataxia, episodic (episodes last from hours to days)
C0751837	Ataxia, gait
C3278191	Ataxia, mild
C4227954	Ataxia, mild (in some patients)
C0004134	Ataxia, NOS
C0393525	Ataxia, progressive
C0240991	Ataxia, sensory
C0427190	Ataxia, truncal
C0004134	Ataxia, unspecified
C3274014	Brief Ataxia Rating Scale
C0007758	Cerebellar ataxia
C0007758	cerebellar ataxia (diagnosis)
C3810444	Cerebellar ataxia (in some patients)
C0007758	Cerebellar ataxia (loss of muscle coordination)
C3550694	Cerebellar ataxia (rare)
C1665347	Cerebellar ataxia associated with another disorder
C1665347	Cerebellar ataxia associated with another disorder (disorder)
C1865330	Cerebellar ataxia during episodes
C0393518	Cerebellar ataxia in disease NOS
C0393518	Cerebellar ataxia in disease NOS (disorder)
C0393517	Cerebellar ataxia in diseases classified elsewhere
C0393517	cerebellar ataxia in diseases classified elsewhere (diagnosis)
C0393517	Cerebellar ataxia in diseases EC
C0393517	Cerebellar ataxia in diseases EC (disorder)
C0393524	cerebellar ataxia late-onset
C0393524	cerebellar ataxia late-onset (diagnosis)
C0007758	Cerebellar ataxia NOS
C0007758	Cerebellar ataxia NOS (disorder)
C1859303	CEREBELLAR ATAXIA WITH LOSS OF PAIN AND TEMPERATURE SENSATION
C3553818	Cerebellar ataxia, gait and stance
C3552904	Cerebellar ataxia, limb and trunk
C3554152	Cerebellar ataxia, mild, late-onset
C0007758	Cerebellar ataxia, NOS
C0393525	Cerebellar ataxia, progressive
C1859599	Cerebellar ataxia, severe
C0231691	Cerebellar gait ataxia
C0270721	Cerebral ataxia
C0270721	cerebral ataxia (diagnosis)
C0270721	Cerebral ataxia (disorder)
C0270798	Cerebral paralysis with homolateral ataxia
C0270797	Cerebral paresis with homolateral ataxia
C0007761	Dentate cerebellar ataxia
C0004090	Dissociative ataxia
C0234649	Dysmetric ataxia
C1719788	EPISODIC ATAXIA WITH MYOKYMIA
C4015302	Extremity ataxia
C0427168	Frontal ataxia
C0427168	Frontal ataxia (finding)
C1856690	Gait and limb ataxia
C0751837	Gait ataxia
C3552647	Gait ataxia (in some patients)
C1843885	Gait ataxia, progressive
C1856566	Gait disturbance (ataxia)
C2029746	headache preceded by ataxia
C0741270	Intermittent ataxia
C0741270	Intermittent ataxia (disorder)
C1720189	Intermittent cerebellar ataxia
C1844938	Intermittent, transient episodes of worsening of ataxia
C1853762	Limb ataxia, progressive
C4315213	Limb ataxia, upper and lower limbs
C0751543	Locomotor Ataxia
C1282408	Locomotor ataxia (progressive)
C3552145	Mild upper limb ataxia
C0278161	Motor ataxia
C0278161	Motor ataxia (finding)
C0437356	O/E - arms ataxic
C0437356	O/E - arms ataxic (finding)
C0555757	O/E - ataxia
C0437357	O/E - legs ataxic
C0437357	O/E - legs ataxic (finding)
C0270756	Oculomotor paralysis-cerebellar ataxia syndrome
C0437356	On examination - arms ataxic
C0437356	On examination - arms ataxic (context-dependent category)
C0437356	On examination - arms ataxic (finding)
C0555757	On examination - ataxia
C0555757	On examination - ataxia (context-dependent category)
C0555757	On examination - ataxia (finding)
C0437357	On examination - legs ataxic
C0437357	On examination - legs ataxic (context-dependent category)
C0437357	On examination - legs ataxic (finding)
C4314227	Onset of ataxia around age 40 years
C3280229	Onset of ataxia in the fifties
C0393799	Ophthalmoplegia, ataxia, areflexia syndrome
C3698569	Oral motor ataxia
C3698569	Oral motor ataxia (finding)
C0393526	Periodic ataxia
C0393526	Periodic ataxia (disorder)
C1867923	POSTERIOR COLUMN ATAXIA
C0270760	Posthemiplegic ataxia
C0393529	Prog spinocerebellar ataxia with decreased tendon reflexes
C0393530	Prog spinocerebellar ataxia with retained tendon reflexes
C0393525	Progressive ataxia
C0393525	Progressive cerebellar ataxia
C0393532	Progressive cerebellar ataxia with hypogonadism
C0393531	Progressive cerebellar ataxia with palatal myoclonus
C1843885	Progressive gait ataxia
C1282408	Progressive locomotor ataxia
C1282408	Progressive locomotor ataxia (disorder)
C0270722	Progressive sensory ataxia of Charolais (disorder)
C1827682	Progressive spinal ataxia
C1827682	Progressive spinal ataxia (disorder)
C0393529	Progressive spinocerebellar ataxia with decreased tendon reflexes
C0393529	Progressive spinocerebellar ataxia with decreased tendon reflexes (disorder)
C0393530	Progressive spinocerebellar ataxia with retained tendon reflexes
C0393530	Progressive spinocerebellar ataxia with retained tendon reflexes (disorder)
C0004134	reported ataxia
C0741272	Residual ataxia
C0240991	Sensory ataxia
C0240991	Sensory ataxia (finding)
C4228579	Sensory ataxia (in some patients)
C3554011	Sensory ataxia (less common)
C0234367	Single limb ataxia
C0234367	Single limb ataxia (finding)
C0037921	Spinal ataxia
C0037921	Spinal ataxia (disorder)
C0087012	Spinocerebellar ataxia (finding)
C3806753	Spinocerebellar ataxia (in some patients)
C1838393	Stance ataxia
C0278162	Static ataxia
C0278162	Static ataxia (finding)
C3806365	Transient ataxia
C0427190	Truncal ataxia
C0427190	Truncal ataxia (finding)
C4227722	Truncal ataxia (in some patients)
C3281068	Truncal ataxia, mild
C1849143	Truncal ataxia, progressive
C2674874	Truncal ataxia, severe
C0427190	Trunk ataxia
C1837543	Upper limb ataxia
C0235927	Vestibular ataxia
C0235927	Vestibulocerebellar ataxia
C0235927	Vestibulocerebellar ataxia (disorder)

