C0013362	Dysarthria
C0013362	[D]Dysarthria
C0013362	[D]Dysarthria (context-dependent category)
C0013362	[D]Dysarthria (situation)
C0013362	speech articulation dysarthria
C0013362	dysarthria (physical finding)
C0013362	Dysarthria (finding)

C0437231	O/E - dysarthria
C0437231	On examination - dysarthria
C0437231	O/E - dysarthria (finding)
C0437231	On examination - dysarthria (context-dependent category)
C0437231	On examination - dysarthria (finding)
C0454596	Pseudobulbar palsy dysarthria
C0454596	Pseudobulbar palsy type of dysarthria
C0454596	Rigid type of dysarthria
C0454596	Spastic dysarthria
C0454596	Suprabulbar palsy dysarthria
C0454596	Suprabulbar palsy type of dysarthria
C0454596	spastic dysarthria (physical finding)
C0454596	speech articulation dysarthria spastic
C0454596	Spastic dysarthria (finding)
C0454597	Bulbar palsy dysarthria
C0454597	Bulbar palsy type of dysarthria
C0454597	Flaccid dysarthria
C0454597	Lower motor neuron dysarthria
C0454597	Lower motor neurone type of dysarthria
C0454597	Flaccid dysarthria (finding)
C0454598	Comb flaccd/spastic dysarthria
C0454598	Combined flaccid and spastic dysarthria
C0454598	Mix flaccid/spastic dysarthria
C0454598	Mixed dysarthria
C0454598	Mixed flaccid and spastic dysarthria
C0454598	mixed dysarthria (physical finding)
C0454598	speech articulation dysarthria mixed
C0454598	Mixed dysarthria (finding)
C0454599	Ataxic dysarthria
C0454599	Cerebellar dysarthria
C0454599	ataxic dysarthria (physical finding)
C0454599	speech articulation dysarthria ataxic
C0454599	Cerebellar dysarthria (finding)
C0454600	Extrapyramidal dysarthria
C0454600	Hypokinetic dysarthria
C0454600	Extrapyramidal dysarthria (finding)
C0454601	Hyperkinetic dysarthria
C0454601	Pyramidal dysarthria
C0454601	speech articulation dysarthria hyperkinesia
C0454601	hyperkinetic dysarthria (physical finding)
C0454601	Pyramidal dysarthria (finding)
C0454602	Dysarthriapneumophonia
C0454602	Dysarthriapneumophonia (finding)
C0454603	Dysarthria of velopharynx
C0454603	Dysarthria of velopharynx (finding)
C0495694	Dysarthria and anarthria
C1557800	Voice Changes and Dysarthria Adverse Event
C1834815	Nasal dysarthria
C1836013	Dysarthria (onset in third decade)
C1836695	Dysarthria, slowly progressive
C1837542	Dysarthria (most common presenting symptom)

C1861571	Dysarthria may occur
C1862945	Bulbar dysfunction (e.g. dysarthria and dysphagia)
C1969470	Dysarthria, dysphonia, or cough precede onset of ataxia
C1997332	Lingual dysarthria
C1997332	Lingual dysarthria (finding)
C2017999	speech articulation dysarthria hypokinesia
C2017999	hypokinetic dysarthria
C2017999	hypokinetic dysarthria (physical finding)
C2018001	paretic dysarthria (physical finding)
C2018001	speech articulation dysarthria paretic
C2018001	paretic dysarthria
C2029731	headache preceded by dysarthria
C2234463	NIH-SS 10. dysarthria
C2234463	NIH stroke scale 10 score for dysarthria
C2234463	NIH stroke scale 10 score for dysarthria (physical finding)
C2674354	Dysarthria (74%)
C3277374	Dysarthria (less common)
C3549475	Dysarthria, mild
C3549475	Dysarthria (mild)
C4036148	Severe dysarthria; patient's speech is so slurred as to be unintelligible in the absence of or out of proportion to any dysphasia, or is mute/anarthric
C4036149	Mild-to-moderate dysarthria; patient slurs at least some words and, at worst, can be understood with some difficulty
C4304808	Acquired dysarthria (finding)
C4304808	Acquired dysarthria

